[0.006s] Invoking command in '/home/nani/nanibabu_ws/build/bot_description': CMAKE_PREFIX_PATH=/opt/ros/humble /usr/bin/cmake --build /home/nani/nanibabu_ws/build/bot_description -- -j20 -l20
[0.021s] -- Found ament_cmake: 1.3.11 (/opt/ros/humble/share/ament_cmake/cmake)
[0.091s] -- Override CMake install command with custom implementation using symlinks instead of copying resources
[0.095s] -- Found ament_lint_auto: 0.12.11 (/opt/ros/humble/share/ament_lint_auto/cmake)
[0.133s] -- Added test 'lint_cmake' to check CMake code style
[0.133s] -- Added test 'xmllint' to check XML markup files
[0.134s] -- Configuring done
[0.135s] -- Generating done
[0.136s] -- Build files have been written to: /home/nani/nanibabu_ws/build/bot_description
[0.150s] Invoked command in '/home/nani/nanibabu_ws/build/bot_description' returned '0': CMAKE_PREFIX_PATH=/opt/ros/humble /usr/bin/cmake --build /home/nani/nanibabu_ws/build/bot_description -- -j20 -l20
[0.161s] Invoking command in '/home/nani/nanibabu_ws/build/bot_description': CMAKE_PREFIX_PATH=/opt/ros/humble /usr/bin/cmake --install /home/nani/nanibabu_ws/build/bot_description
[0.169s] -- Install configuration: ""
[0.170s] -- Execute custom install script
[0.170s] -- Symlinking: /home/nani/nanibabu_ws/install/bot_description/share/{PROJECT_NAME}/urdf/bot.urdf.xacro
[0.179s] -- Up-to-date symlink: /home/nani/nanibabu_ws/install/bot_description/share/ament_index/resource_index/package_run_dependencies/bot_description
[0.179s] -- Up-to-date symlink: /home/nani/nanibabu_ws/install/bot_description/share/ament_index/resource_index/parent_prefix_path/bot_description
[0.180s] -- Up-to-date symlink: /home/nani/nanibabu_ws/install/bot_description/share/bot_description/environment/ament_prefix_path.sh
[0.180s] -- Up-to-date symlink: /home/nani/nanibabu_ws/install/bot_description/share/bot_description/environment/ament_prefix_path.dsv
[0.180s] -- Up-to-date symlink: /home/nani/nanibabu_ws/install/bot_description/share/bot_description/environment/path.sh
[0.180s] -- Up-to-date symlink: /home/nani/nanibabu_ws/install/bot_description/share/bot_description/environment/path.dsv
[0.180s] -- Up-to-date symlink: /home/nani/nanibabu_ws/install/bot_description/share/bot_description/local_setup.bash
[0.181s] -- Up-to-date symlink: /home/nani/nanibabu_ws/install/bot_description/share/bot_description/local_setup.sh
[0.181s] -- Up-to-date symlink: /home/nani/nanibabu_ws/install/bot_description/share/bot_description/local_setup.zsh
[0.181s] -- Up-to-date symlink: /home/nani/nanibabu_ws/install/bot_description/share/bot_description/local_setup.dsv
[0.181s] -- Symlinking: /home/nani/nanibabu_ws/install/bot_description/share/bot_description/package.dsv
[0.192s] -- Up-to-date symlink: /home/nani/nanibabu_ws/install/bot_description/share/ament_index/resource_index/packages/bot_description
[0.192s] -- Up-to-date symlink: /home/nani/nanibabu_ws/install/bot_description/share/bot_description/cmake/bot_descriptionConfig.cmake
[0.193s] -- Up-to-date symlink: /home/nani/nanibabu_ws/install/bot_description/share/bot_description/cmake/bot_descriptionConfig-version.cmake
[0.193s] -- Up-to-date symlink: /home/nani/nanibabu_ws/install/bot_description/share/bot_description/package.xml
[0.195s] Invoked command in '/home/nani/nanibabu_ws/build/bot_description' returned '0': CMAKE_PREFIX_PATH=/opt/ros/humble /usr/bin/cmake --install /home/nani/nanibabu_ws/build/bot_description
