[0.005s] Invoking command in '/home/nani/nanibabu_ws/build/bot_description': CMAKE_PREFIX_PATH=/opt/ros/humble /usr/bin/cmake /home/nani/nanibabu_ws/src/bot_description -DCMAKE_INSTALL_PREFIX=/home/nani/nanibabu_ws/install/bot_description
[0.052s] -- The C compiler identification is GNU 11.4.0
[0.096s] -- The CXX compiler identification is GNU 11.4.0
[0.100s] -- Detecting C compiler ABI info
[0.161s] -- Detecting C compiler ABI info - done
[0.170s] -- Check for working C compiler: /usr/bin/cc - skipped
[0.170s] -- Detecting C compile features
[0.171s] -- Detecting C compile features - done
[0.173s] -- Detecting CXX compiler ABI info
[0.234s] -- Detecting CXX compiler ABI info - done
[0.238s] -- Check for working CXX compiler: /usr/bin/c++ - skipped
[0.238s] -- Detecting CXX compile features
[0.239s] -- Detecting CXX compile features - done
[0.240s] -- Found ament_cmake: 1.3.11 (/opt/ros/humble/share/ament_cmake/cmake)
[0.357s] -- Found Python3: /usr/bin/python3 (found version "3.10.12") found components: Interpreter 
[0.409s] -- Found ament_lint_auto: 0.12.11 (/opt/ros/humble/share/ament_lint_auto/cmake)
[0.455s] -- Added test 'lint_cmake' to check CMake code style
[0.456s] -- Added test 'xmllint' to check XML markup files
[0.456s] -- Configuring done
[0.458s] -- Generating done
[0.458s] -- Build files have been written to: /home/nani/nanibabu_ws/build/bot_description
[0.461s] Invoked command in '/home/nani/nanibabu_ws/build/bot_description' returned '0': CMAKE_PREFIX_PATH=/opt/ros/humble /usr/bin/cmake /home/nani/nanibabu_ws/src/bot_description -DCMAKE_INSTALL_PREFIX=/home/nani/nanibabu_ws/install/bot_description
[0.462s] Invoking command in '/home/nani/nanibabu_ws/build/bot_description': CMAKE_PREFIX_PATH=/opt/ros/humble /usr/bin/cmake --build /home/nani/nanibabu_ws/build/bot_description -- -j20 -l20
[0.500s] Invoked command in '/home/nani/nanibabu_ws/build/bot_description' returned '0': CMAKE_PREFIX_PATH=/opt/ros/humble /usr/bin/cmake --build /home/nani/nanibabu_ws/build/bot_description -- -j20 -l20
[0.512s] Invoking command in '/home/nani/nanibabu_ws/build/bot_description': CMAKE_PREFIX_PATH=/opt/ros/humble /usr/bin/cmake --install /home/nani/nanibabu_ws/build/bot_description
[0.522s] -- Install configuration: ""
[0.522s] -- Installing: /home/nani/nanibabu_ws/install/bot_description/share/ament_index/resource_index/package_run_dependencies/bot_description
[0.522s] -- Installing: /home/nani/nanibabu_ws/install/bot_description/share/ament_index/resource_index/parent_prefix_path/bot_description
[0.523s] -- Installing: /home/nani/nanibabu_ws/install/bot_description/share/bot_description/environment/ament_prefix_path.sh
[0.523s] -- Installing: /home/nani/nanibabu_ws/install/bot_description/share/bot_description/environment/ament_prefix_path.dsv
[0.523s] -- Installing: /home/nani/nanibabu_ws/install/bot_description/share/bot_description/environment/path.sh
[0.523s] -- Installing: /home/nani/nanibabu_ws/install/bot_description/share/bot_description/environment/path.dsv
[0.523s] -- Installing: /home/nani/nanibabu_ws/install/bot_description/share/bot_description/local_setup.bash
[0.523s] -- Installing: /home/nani/nanibabu_ws/install/bot_description/share/bot_description/local_setup.sh
[0.523s] -- Installing: /home/nani/nanibabu_ws/install/bot_description/share/bot_description/local_setup.zsh
[0.523s] -- Installing: /home/nani/nanibabu_ws/install/bot_description/share/bot_description/local_setup.dsv
[0.523s] -- Installing: /home/nani/nanibabu_ws/install/bot_description/share/bot_description/package.dsv
[0.523s] -- Installing: /home/nani/nanibabu_ws/install/bot_description/share/ament_index/resource_index/packages/bot_description
[0.524s] -- Installing: /home/nani/nanibabu_ws/install/bot_description/share/bot_description/cmake/bot_descriptionConfig.cmake
[0.524s] -- Installing: /home/nani/nanibabu_ws/install/bot_description/share/bot_description/cmake/bot_descriptionConfig-version.cmake
[0.524s] -- Installing: /home/nani/nanibabu_ws/install/bot_description/share/bot_description/package.xml
[0.525s] Invoked command in '/home/nani/nanibabu_ws/build/bot_description' returned '0': CMAKE_PREFIX_PATH=/opt/ros/humble /usr/bin/cmake --install /home/nani/nanibabu_ws/build/bot_description
