[0.006s] Invoking command in '/home/nani/nanibabu_ws/build/bot_description': CMAKE_PREFIX_PATH=/opt/ros/humble /usr/bin/cmake /home/nani/nanibabu_ws/src/bot_description -DAMENT_CMAKE_SYMLINK_INSTALL=1 -DCMAKE_INSTALL_PREFIX=/home/nani/nanibabu_ws/install/bot_description
[0.013s] -- Found ament_cmake: 1.3.11 (/opt/ros/humble/share/ament_cmake/cmake)
[0.098s] -- Override CMake install command with custom implementation using symlinks instead of copying resources
[0.102s] -- Found ament_lint_auto: 0.12.11 (/opt/ros/humble/share/ament_lint_auto/cmake)
[0.144s] -- Added test 'flake8' to check Python code syntax and style conventions
[0.144s] -- Added test 'lint_cmake' to check CMake code style
[0.144s] -- Added test 'pep257' to check Python code against some of the docstring style conventions in PEP 257
[0.144s] -- Added test 'xmllint' to check XML markup files
[0.145s] -- Configuring done
[0.146s] -- Generating done
[0.147s] -- Build files have been written to: /home/nani/nanibabu_ws/build/bot_description
[0.149s] Invoked command in '/home/nani/nanibabu_ws/build/bot_description' returned '0': CMAKE_PREFIX_PATH=/opt/ros/humble /usr/bin/cmake /home/nani/nanibabu_ws/src/bot_description -DAMENT_CMAKE_SYMLINK_INSTALL=1 -DCMAKE_INSTALL_PREFIX=/home/nani/nanibabu_ws/install/bot_description
[0.150s] Invoking command in '/home/nani/nanibabu_ws/build/bot_description': CMAKE_PREFIX_PATH=/opt/ros/humble /usr/bin/cmake --build /home/nani/nanibabu_ws/build/bot_description -- -j20 -l20
[0.183s] Invoked command in '/home/nani/nanibabu_ws/build/bot_description' returned '0': CMAKE_PREFIX_PATH=/opt/ros/humble /usr/bin/cmake --build /home/nani/nanibabu_ws/build/bot_description -- -j20 -l20
[0.192s] Invoking command in '/home/nani/nanibabu_ws/build/bot_description': CMAKE_PREFIX_PATH=/opt/ros/humble /usr/bin/cmake --install /home/nani/nanibabu_ws/build/bot_description
[0.198s] -- Install configuration: ""
[0.199s] -- Execute custom install script
[0.199s] -- Up-to-date symlink: /home/nani/nanibabu_ws/install/bot_description/share/bot_description/urdf/bot.urdf.xacro
[0.199s] -- Up-to-date symlink: /home/nani/nanibabu_ws/install/bot_description/share/bot_description/rviz/display.rviz
[0.199s] -- Up-to-date symlink: /home/nani/nanibabu_ws/install/bot_description/share/bot_description/launch/display.launch.py
[0.200s] -- Symlinking: /home/nani/nanibabu_ws/install/bot_description/share/bot_description/launch/display.launch.xml
[0.209s] -- Up-to-date symlink: /home/nani/nanibabu_ws/install/bot_description/share/ament_index/resource_index/package_run_dependencies/bot_description
[0.209s] -- Up-to-date symlink: /home/nani/nanibabu_ws/install/bot_description/share/ament_index/resource_index/parent_prefix_path/bot_description
[0.209s] -- Up-to-date symlink: /home/nani/nanibabu_ws/install/bot_description/share/bot_description/environment/ament_prefix_path.sh
[0.210s] -- Up-to-date symlink: /home/nani/nanibabu_ws/install/bot_description/share/bot_description/environment/ament_prefix_path.dsv
[0.210s] -- Up-to-date symlink: /home/nani/nanibabu_ws/install/bot_description/share/bot_description/environment/path.sh
[0.210s] -- Up-to-date symlink: /home/nani/nanibabu_ws/install/bot_description/share/bot_description/environment/path.dsv
[0.210s] -- Up-to-date symlink: /home/nani/nanibabu_ws/install/bot_description/share/bot_description/local_setup.bash
[0.210s] -- Up-to-date symlink: /home/nani/nanibabu_ws/install/bot_description/share/bot_description/local_setup.sh
[0.210s] -- Up-to-date symlink: /home/nani/nanibabu_ws/install/bot_description/share/bot_description/local_setup.zsh
[0.210s] -- Up-to-date symlink: /home/nani/nanibabu_ws/install/bot_description/share/bot_description/local_setup.dsv
[0.210s] -- Symlinking: /home/nani/nanibabu_ws/install/bot_description/share/bot_description/package.dsv
[0.220s] -- Up-to-date symlink: /home/nani/nanibabu_ws/install/bot_description/share/ament_index/resource_index/packages/bot_description
[0.220s] -- Up-to-date symlink: /home/nani/nanibabu_ws/install/bot_description/share/bot_description/cmake/bot_descriptionConfig.cmake
[0.220s] -- Up-to-date symlink: /home/nani/nanibabu_ws/install/bot_description/share/bot_description/cmake/bot_descriptionConfig-version.cmake
[0.220s] -- Up-to-date symlink: /home/nani/nanibabu_ws/install/bot_description/share/bot_description/package.xml
[0.222s] Invoked command in '/home/nani/nanibabu_ws/build/bot_description' returned '0': CMAKE_PREFIX_PATH=/opt/ros/humble /usr/bin/cmake --install /home/nani/nanibabu_ws/build/bot_description
