[0.010s] Invoking command in '/home/nani/nanibabu_ws/build/bot_control': CMAKE_PREFIX_PATH=${CMAKE_PREFIX_PATH}:/opt/ros/humble /usr/bin/cmake --build /home/nani/nanibabu_ws/build/bot_control -- -j20 -l20
[0.057s] [100%] Built target laser_filter_node
[0.075s] Invoked command in '/home/nani/nanibabu_ws/build/bot_control' returned '0': CMAKE_PREFIX_PATH=${CMAKE_PREFIX_PATH}:/opt/ros/humble /usr/bin/cmake --build /home/nani/nanibabu_ws/build/bot_control -- -j20 -l20
[0.075s] Invoking command in '/home/nani/nanibabu_ws/build/bot_control': CMAKE_PREFIX_PATH=${CMAKE_PREFIX_PATH}:/opt/ros/humble /usr/bin/cmake --install /home/nani/nanibabu_ws/build/bot_control
[0.078s] -- Install configuration: ""
[0.079s] -- Up-to-date: /home/nani/nanibabu_ws/install/bot_control/lib/bot_control/laser_filter_node
[0.079s] -- Up-to-date: /home/nani/nanibabu_ws/install/bot_control/share/ament_index/resource_index/package_run_dependencies/bot_control
[0.079s] -- Up-to-date: /home/nani/nanibabu_ws/install/bot_control/share/ament_index/resource_index/parent_prefix_path/bot_control
[0.079s] -- Up-to-date: /home/nani/nanibabu_ws/install/bot_control/share/bot_control/environment/ament_prefix_path.sh
[0.079s] -- Up-to-date: /home/nani/nanibabu_ws/install/bot_control/share/bot_control/environment/ament_prefix_path.dsv
[0.079s] -- Up-to-date: /home/nani/nanibabu_ws/install/bot_control/share/bot_control/environment/path.sh
[0.079s] -- Up-to-date: /home/nani/nanibabu_ws/install/bot_control/share/bot_control/environment/path.dsv
[0.079s] -- Up-to-date: /home/nani/nanibabu_ws/install/bot_control/share/bot_control/local_setup.bash
[0.079s] -- Up-to-date: /home/nani/nanibabu_ws/install/bot_control/share/bot_control/local_setup.sh
[0.079s] -- Up-to-date: /home/nani/nanibabu_ws/install/bot_control/share/bot_control/local_setup.zsh
[0.079s] -- Up-to-date: /home/nani/nanibabu_ws/install/bot_control/share/bot_control/local_setup.dsv
[0.079s] -- Installing: /home/nani/nanibabu_ws/install/bot_control/share/bot_control/package.dsv
[0.079s] -- Up-to-date: /home/nani/nanibabu_ws/install/bot_control/share/ament_index/resource_index/packages/bot_control
[0.079s] -- Up-to-date: /home/nani/nanibabu_ws/install/bot_control/share/bot_control/cmake/bot_controlConfig.cmake
[0.079s] -- Up-to-date: /home/nani/nanibabu_ws/install/bot_control/share/bot_control/cmake/bot_controlConfig-version.cmake
[0.079s] -- Up-to-date: /home/nani/nanibabu_ws/install/bot_control/share/bot_control/package.xml
[0.090s] Invoked command in '/home/nani/nanibabu_ws/build/bot_control' returned '0': CMAKE_PREFIX_PATH=${CMAKE_PREFIX_PATH}:/opt/ros/humble /usr/bin/cmake --install /home/nani/nanibabu_ws/build/bot_control
