-- Found ament_cmake: 1.3.11 (/opt/ros/humble/share/ament_cmake/cmake)
-- Override CMake install command with custom implementation using symlinks instead of copying resources
-- Found ament_lint_auto: 0.12.11 (/opt/ros/humble/share/ament_lint_auto/cmake)
-- Added test 'lint_cmake' to check CMake code style
-- Added test 'xmllint' to check XML markup files
-- Configuring done
-- Generating done
-- Build files have been written to: /home/nani/nanibabu_ws/build/bot_description
-- Install configuration: ""
-- Execute custom install script
-- Symlinking: /home/nani/nanibabu_ws/install/bot_description/share/ament_index/resource_index/package_run_dependencies/bot_description
-- Symlinking: /home/nani/nanibabu_ws/install/bot_description/share/ament_index/resource_index/parent_prefix_path/bot_description
-- Symlinking: /home/nani/nanibabu_ws/install/bot_description/share/bot_description/environment/ament_prefix_path.sh
-- Symlinking: /home/nani/nanibabu_ws/install/bot_description/share/bot_description/environment/ament_prefix_path.dsv
-- Symlinking: /home/nani/nanibabu_ws/install/bot_description/share/bot_description/environment/path.sh
-- Symlinking: /home/nani/nanibabu_ws/install/bot_description/share/bot_description/environment/path.dsv
-- Symlinking: /home/nani/nanibabu_ws/install/bot_description/share/bot_description/local_setup.bash
-- Symlinking: /home/nani/nanibabu_ws/install/bot_description/share/bot_description/local_setup.sh
-- Symlinking: /home/nani/nanibabu_ws/install/bot_description/share/bot_description/local_setup.zsh
-- Symlinking: /home/nani/nanibabu_ws/install/bot_description/share/bot_description/local_setup.dsv
-- Symlinking: /home/nani/nanibabu_ws/install/bot_description/share/bot_description/package.dsv
-- Symlinking: /home/nani/nanibabu_ws/install/bot_description/share/ament_index/resource_index/packages/bot_description
-- Symlinking: /home/nani/nanibabu_ws/install/bot_description/share/bot_description/cmake/bot_descriptionConfig.cmake
-- Symlinking: /home/nani/nanibabu_ws/install/bot_description/share/bot_description/cmake/bot_descriptionConfig-version.cmake
-- Symlinking: /home/nani/nanibabu_ws/install/bot_description/share/bot_description/package.xml
