-- Found ament_cmake: 1.3.11 (/opt/ros/humble/share/ament_cmake/cmake)
-- Found rclcpp: 16.0.12 (/opt/ros/humble/share/rclcpp/cmake)
-- Found rosidl_generator_c: 3.1.6 (/opt/ros/humble/share/rosidl_generator_c/cmake)
-- Found rosidl_adapter: 3.1.6 (/opt/ros/humble/share/rosidl_adapter/cmake)
-- Found rosidl_generator_cpp: 3.1.6 (/opt/ros/humble/share/rosidl_generator_cpp/cmake)
-- Using all available rosidl_typesupport_c: rosidl_typesupport_fastrtps_c;rosidl_typesupport_introspection_c
-- Using all available rosidl_typesupport_cpp: rosidl_typesupport_fastrtps_cpp;rosidl_typesupport_introspection_cpp
-- Found rmw_implementation_cmake: 6.1.2 (/opt/ros/humble/share/rmw_implementation_cmake/cmake)
-- Found rmw_fastrtps_cpp: 6.2.7 (/opt/ros/humble/share/rmw_fastrtps_cpp/cmake)
-- Using RMW implementation 'rmw_fastrtps_cpp' as default
-- Found sensor_msgs: 4.8.0 (/opt/ros/humble/share/sensor_msgs/cmake)
-- Found ament_lint_auto: 0.12.12 (/opt/ros/humble/share/ament_lint_auto/cmake)
-- Added test 'cppcheck' to perform static code analysis on C / C++ code
-- Configured cppcheck include dirs: 
-- Configured cppcheck exclude dirs and/or files: 
-- Added test 'lint_cmake' to check CMake code style
-- Added test 'uncrustify' to check C / C++ code style
-- Configured uncrustify additional arguments: 
-- Added test 'xmllint' to check XML markup files
-- Configuring done
-- Generating done
-- Build files have been written to: /home/nani/nanibabu_ws/build/bot_control
[ 50%] [32mBuilding CXX object CMakeFiles/laser_filter_node.dir/scripts/laser_filter_node.cpp.o[0m
[100%] [32m[1mLinking CXX executable laser_filter_node[0m
[100%] Built target laser_filter_node
-- Install configuration: ""
-- Installing: /home/nani/nanibabu_ws/install/bot_control/lib/bot_control/laser_filter_node
-- Set runtime path of "/home/nani/nanibabu_ws/install/bot_control/lib/bot_control/laser_filter_node" to ""
-- Up-to-date: /home/nani/nanibabu_ws/install/bot_control/share/ament_index/resource_index/package_run_dependencies/bot_control
-- Installing: /home/nani/nanibabu_ws/install/bot_control/share/ament_index/resource_index/parent_prefix_path/bot_control
-- Up-to-date: /home/nani/nanibabu_ws/install/bot_control/share/bot_control/environment/ament_prefix_path.sh
-- Installing: /home/nani/nanibabu_ws/install/bot_control/share/bot_control/environment/ament_prefix_path.dsv
-- Up-to-date: /home/nani/nanibabu_ws/install/bot_control/share/bot_control/environment/path.sh
-- Installing: /home/nani/nanibabu_ws/install/bot_control/share/bot_control/environment/path.dsv
-- Up-to-date: /home/nani/nanibabu_ws/install/bot_control/share/bot_control/local_setup.bash
-- Up-to-date: /home/nani/nanibabu_ws/install/bot_control/share/bot_control/local_setup.sh
-- Up-to-date: /home/nani/nanibabu_ws/install/bot_control/share/bot_control/local_setup.zsh
-- Installing: /home/nani/nanibabu_ws/install/bot_control/share/bot_control/local_setup.dsv
-- Installing: /home/nani/nanibabu_ws/install/bot_control/share/bot_control/package.dsv
-- Up-to-date: /home/nani/nanibabu_ws/install/bot_control/share/ament_index/resource_index/packages/bot_control
-- Up-to-date: /home/nani/nanibabu_ws/install/bot_control/share/bot_control/cmake/bot_controlConfig.cmake
-- Up-to-date: /home/nani/nanibabu_ws/install/bot_control/share/bot_control/cmake/bot_controlConfig-version.cmake
-- Up-to-date: /home/nani/nanibabu_ws/install/bot_control/share/bot_control/package.xml
