[0.013s] Invoking command in '/home/nani/nanibabu_ws/build/bot_control': CMAKE_PREFIX_PATH=${CMAKE_PREFIX_PATH}:/opt/ros/humble /usr/bin/cmake --build /home/nani/nanibabu_ws/build/bot_control -- -j20 -l20
[0.043s] -- Found ament_cmake: 1.3.11 (/opt/ros/humble/share/ament_cmake/cmake)
[0.141s] -- Found rclcpp: 16.0.12 (/opt/ros/humble/share/rclcpp/cmake)
[0.169s] -- Found rosidl_generator_c: 3.1.6 (/opt/ros/humble/share/rosidl_generator_c/cmake)
[0.170s] -- Found rosidl_adapter: 3.1.6 (/opt/ros/humble/share/rosidl_adapter/cmake)
[0.175s] -- Found rosidl_generator_cpp: 3.1.6 (/opt/ros/humble/share/rosidl_generator_cpp/cmake)
[0.182s] -- Using all available rosidl_typesupport_c: rosidl_typesupport_fastrtps_c;rosidl_typesupport_introspection_c
[0.191s] -- Using all available rosidl_typesupport_cpp: rosidl_typesupport_fastrtps_cpp;rosidl_typesupport_introspection_cpp
[0.214s] -- Found rmw_implementation_cmake: 6.1.2 (/opt/ros/humble/share/rmw_implementation_cmake/cmake)
[0.215s] -- Found rmw_fastrtps_cpp: 6.2.7 (/opt/ros/humble/share/rmw_fastrtps_cpp/cmake)
[0.298s] -- Using RMW implementation 'rmw_fastrtps_cpp' as default
[0.340s] -- Found sensor_msgs: 4.8.0 (/opt/ros/humble/share/sensor_msgs/cmake)
[0.361s] -- Found ament_lint_auto: 0.12.12 (/opt/ros/humble/share/ament_lint_auto/cmake)
[0.404s] -- Added test 'cppcheck' to perform static code analysis on C / C++ code
[0.404s] -- Configured cppcheck include dirs: 
[0.404s] -- Configured cppcheck exclude dirs and/or files: 
[0.404s] -- Added test 'lint_cmake' to check CMake code style
[0.405s] -- Added test 'uncrustify' to check C / C++ code style
[0.405s] -- Configured uncrustify additional arguments: 
[0.405s] -- Added test 'xmllint' to check XML markup files
[0.406s] -- Configuring done
[0.412s] -- Generating done
[0.413s] -- Build files have been written to: /home/nani/nanibabu_ws/build/bot_control
[0.438s] [ 50%] [32mBuilding CXX object CMakeFiles/laser_filter_node.dir/scripts/laser_filter_node.cpp.o[0m
[1.679s] [01m[K/home/nani/nanibabu_ws/src/bot_control/scripts/laser_filter_node.cpp:[m[K In member function ‘[01m[Kvoid LaserFilter::laser_callback(sensor_msgs::msg::LaserScan_<std::allocator<void> >::SharedPtr)[m[K’:
[1.679s] [01m[K/home/nani/nanibabu_ws/src/bot_control/scripts/laser_filter_node.cpp:32:30:[m[K [01;35m[Kwarning: [m[Kcomparison of integer expressions of different signedness: ‘[01m[Ksize_t[m[K’ {aka ‘[01m[Klong unsigned int[m[K’} and ‘[01m[Kint[m[K’ [[01;35m[K]8;;https://gcc.gnu.org/onlinedocs/gcc/Warning-Options.html#index-Wsign-compare-Wsign-compare]8;;[m[K]
[1.679s]    32 |         for (size_t i = 0; [01;35m[Ki < total_ranges[m[K; ++i)
[1.679s]       |                            [01;35m[K~~^~~~~~~~~~~~~~[m[K
[4.846s] [100%] [32m[1mLinking CXX executable laser_filter_node[0m
[5.085s] [100%] Built target laser_filter_node
[5.093s] Invoked command in '/home/nani/nanibabu_ws/build/bot_control' returned '0': CMAKE_PREFIX_PATH=${CMAKE_PREFIX_PATH}:/opt/ros/humble /usr/bin/cmake --build /home/nani/nanibabu_ws/build/bot_control -- -j20 -l20
[5.095s] Invoking command in '/home/nani/nanibabu_ws/build/bot_control': CMAKE_PREFIX_PATH=${CMAKE_PREFIX_PATH}:/opt/ros/humble /usr/bin/cmake --install /home/nani/nanibabu_ws/build/bot_control
[5.101s] -- Install configuration: ""
[5.101s] -- Installing: /home/nani/nanibabu_ws/install/bot_control/lib/bot_control/laser_filter_node
[5.102s] -- Set runtime path of "/home/nani/nanibabu_ws/install/bot_control/lib/bot_control/laser_filter_node" to ""
[5.102s] -- Up-to-date: /home/nani/nanibabu_ws/install/bot_control/share/ament_index/resource_index/package_run_dependencies/bot_control
[5.102s] -- Installing: /home/nani/nanibabu_ws/install/bot_control/share/ament_index/resource_index/parent_prefix_path/bot_control
[5.102s] -- Up-to-date: /home/nani/nanibabu_ws/install/bot_control/share/bot_control/environment/ament_prefix_path.sh
[5.102s] -- Installing: /home/nani/nanibabu_ws/install/bot_control/share/bot_control/environment/ament_prefix_path.dsv
[5.102s] -- Up-to-date: /home/nani/nanibabu_ws/install/bot_control/share/bot_control/environment/path.sh
[5.102s] -- Installing: /home/nani/nanibabu_ws/install/bot_control/share/bot_control/environment/path.dsv
[5.102s] -- Up-to-date: /home/nani/nanibabu_ws/install/bot_control/share/bot_control/local_setup.bash
[5.102s] -- Up-to-date: /home/nani/nanibabu_ws/install/bot_control/share/bot_control/local_setup.sh
[5.103s] -- Up-to-date: /home/nani/nanibabu_ws/install/bot_control/share/bot_control/local_setup.zsh
[5.103s] -- Installing: /home/nani/nanibabu_ws/install/bot_control/share/bot_control/local_setup.dsv
[5.103s] -- Installing: /home/nani/nanibabu_ws/install/bot_control/share/bot_control/package.dsv
[5.103s] -- Up-to-date: /home/nani/nanibabu_ws/install/bot_control/share/ament_index/resource_index/packages/bot_control
[5.103s] -- Up-to-date: /home/nani/nanibabu_ws/install/bot_control/share/bot_control/cmake/bot_controlConfig.cmake
[5.103s] -- Up-to-date: /home/nani/nanibabu_ws/install/bot_control/share/bot_control/cmake/bot_controlConfig-version.cmake
[5.103s] -- Up-to-date: /home/nani/nanibabu_ws/install/bot_control/share/bot_control/package.xml
[5.104s] Invoked command in '/home/nani/nanibabu_ws/build/bot_control' returned '0': CMAKE_PREFIX_PATH=${CMAKE_PREFIX_PATH}:/opt/ros/humble /usr/bin/cmake --install /home/nani/nanibabu_ws/build/bot_control
