[0.138s] DEBUG:colcon:Command line arguments: ['/usr/bin/colcon', 'build']
[0.138s] DEBUG:colcon:Parsed command line arguments: Namespace(log_base=None, log_level=None, verb_name='build', build_base='build', install_base='install', merge_install=False, symlink_install=False, test_result_base=None, continue_on_error=False, executor='parallel', parallel_workers=20, event_handlers=None, ignore_user_meta=False, metas=['./colcon.meta'], base_paths=['.'], packages_ignore=None, packages_ignore_regex=None, paths=None, packages_up_to=None, packages_up_to_regex=None, packages_above=None, packages_above_and_dependencies=None, packages_above_depth=None, packages_select_by_dep=None, packages_skip_by_dep=None, packages_skip_up_to=None, packages_select_build_failed=False, packages_skip_build_finished=False, packages_select_test_failures=False, packages_skip_test_passed=False, packages_select=None, packages_skip=None, packages_select_regex=None, packages_skip_regex=None, packages_start=None, packages_end=None, allow_overriding=[], cmake_args=None, cmake_target=None, cmake_target_skip_unavailable=False, cmake_clean_cache=False, cmake_clean_first=False, cmake_force_configure=False, ament_cmake_args=None, catkin_cmake_args=None, catkin_skip_building_tests=False, mixin_files=None, mixin=None, verb_parser=<colcon_mixin.mixin.mixin_argument.MixinArgumentDecorator object at 0x7bfc4f256290>, verb_extension=<colcon_core.verb.build.BuildVerb object at 0x7bfc4f255c00>, main=<bound method BuildVerb.main of <colcon_core.verb.build.BuildVerb object at 0x7bfc4f255c00>>, mixin_verb=('build',))
[0.321s] Level 1:colcon.colcon_core.package_discovery:discover_packages(colcon_meta) check parameters
[0.321s] Level 1:colcon.colcon_core.package_discovery:discover_packages(recursive) check parameters
[0.321s] Level 1:colcon.colcon_core.package_discovery:discover_packages(ignore) check parameters
[0.321s] Level 1:colcon.colcon_core.package_discovery:discover_packages(path) check parameters
[0.321s] Level 1:colcon.colcon_core.package_discovery:discover_packages(colcon_meta) discover
[0.321s] Level 1:colcon.colcon_core.package_discovery:discover_packages(recursive) discover
[0.321s] INFO:colcon.colcon_core.package_discovery:Crawling recursively for packages in '/home/nani/nanibabu_ws'
[0.321s] Level 1:colcon.colcon_core.package_identification:_identify(.) by extensions ['ignore', 'ignore_ament_install']
[0.321s] Level 1:colcon.colcon_core.package_identification:_identify(.) by extension 'ignore'
[0.321s] Level 1:colcon.colcon_core.package_identification:_identify(.) by extension 'ignore_ament_install'
[0.321s] Level 1:colcon.colcon_core.package_identification:_identify(.) by extensions ['colcon_pkg']
[0.321s] Level 1:colcon.colcon_core.package_identification:_identify(.) by extension 'colcon_pkg'
[0.321s] Level 1:colcon.colcon_core.package_identification:_identify(.) by extensions ['colcon_meta']
[0.321s] Level 1:colcon.colcon_core.package_identification:_identify(.) by extension 'colcon_meta'
[0.321s] Level 1:colcon.colcon_core.package_identification:_identify(.) by extensions ['ros']
[0.321s] Level 1:colcon.colcon_core.package_identification:_identify(.) by extension 'ros'
[0.328s] Level 1:colcon.colcon_core.package_identification:_identify(.) by extensions ['cmake', 'python']
[0.328s] Level 1:colcon.colcon_core.package_identification:_identify(.) by extension 'cmake'
[0.328s] Level 1:colcon.colcon_core.package_identification:_identify(.) by extension 'python'
[0.328s] Level 1:colcon.colcon_core.package_identification:_identify(.) by extensions ['python_setup_py']
[0.328s] Level 1:colcon.colcon_core.package_identification:_identify(.) by extension 'python_setup_py'
[0.328s] Level 1:colcon.colcon_core.package_identification:_identify(build) by extensions ['ignore', 'ignore_ament_install']
[0.328s] Level 1:colcon.colcon_core.package_identification:_identify(build) by extension 'ignore'
[0.328s] Level 1:colcon.colcon_core.package_identification:_identify(build) ignored
[0.328s] Level 1:colcon.colcon_core.package_identification:_identify(install) by extensions ['ignore', 'ignore_ament_install']
[0.328s] Level 1:colcon.colcon_core.package_identification:_identify(install) by extension 'ignore'
[0.328s] Level 1:colcon.colcon_core.package_identification:_identify(install) ignored
[0.328s] Level 1:colcon.colcon_core.package_identification:_identify(log) by extensions ['ignore', 'ignore_ament_install']
[0.328s] Level 1:colcon.colcon_core.package_identification:_identify(log) by extension 'ignore'
[0.328s] Level 1:colcon.colcon_core.package_identification:_identify(log) ignored
[0.328s] Level 1:colcon.colcon_core.package_identification:_identify(src) by extensions ['ignore', 'ignore_ament_install']
[0.328s] Level 1:colcon.colcon_core.package_identification:_identify(src) by extension 'ignore'
[0.328s] Level 1:colcon.colcon_core.package_identification:_identify(src) by extension 'ignore_ament_install'
[0.328s] Level 1:colcon.colcon_core.package_identification:_identify(src) by extensions ['colcon_pkg']
[0.328s] Level 1:colcon.colcon_core.package_identification:_identify(src) by extension 'colcon_pkg'
[0.328s] Level 1:colcon.colcon_core.package_identification:_identify(src) by extensions ['colcon_meta']
[0.328s] Level 1:colcon.colcon_core.package_identification:_identify(src) by extension 'colcon_meta'
[0.328s] Level 1:colcon.colcon_core.package_identification:_identify(src) by extensions ['ros']
[0.328s] Level 1:colcon.colcon_core.package_identification:_identify(src) by extension 'ros'
[0.329s] Level 1:colcon.colcon_core.package_identification:_identify(src) by extensions ['cmake', 'python']
[0.329s] Level 1:colcon.colcon_core.package_identification:_identify(src) by extension 'cmake'
[0.329s] Level 1:colcon.colcon_core.package_identification:_identify(src) by extension 'python'
[0.329s] Level 1:colcon.colcon_core.package_identification:_identify(src) by extensions ['python_setup_py']
[0.329s] Level 1:colcon.colcon_core.package_identification:_identify(src) by extension 'python_setup_py'
[0.329s] Level 1:colcon.colcon_core.package_identification:_identify(src/bot_control) by extensions ['ignore', 'ignore_ament_install']
[0.329s] Level 1:colcon.colcon_core.package_identification:_identify(src/bot_control) by extension 'ignore'
[0.329s] Level 1:colcon.colcon_core.package_identification:_identify(src/bot_control) by extension 'ignore_ament_install'
[0.329s] Level 1:colcon.colcon_core.package_identification:_identify(src/bot_control) by extensions ['colcon_pkg']
[0.329s] Level 1:colcon.colcon_core.package_identification:_identify(src/bot_control) by extension 'colcon_pkg'
[0.329s] Level 1:colcon.colcon_core.package_identification:_identify(src/bot_control) by extensions ['colcon_meta']
[0.329s] Level 1:colcon.colcon_core.package_identification:_identify(src/bot_control) by extension 'colcon_meta'
[0.329s] Level 1:colcon.colcon_core.package_identification:_identify(src/bot_control) by extensions ['ros']
[0.329s] Level 1:colcon.colcon_core.package_identification:_identify(src/bot_control) by extension 'ros'
[0.331s] DEBUG:colcon.colcon_core.package_identification:Package 'src/bot_control' with type 'ros.ament_cmake' and name 'bot_control'
[0.331s] Level 1:colcon.colcon_core.package_identification:_identify(src/bot_description) by extensions ['ignore', 'ignore_ament_install']
[0.331s] Level 1:colcon.colcon_core.package_identification:_identify(src/bot_description) by extension 'ignore'
[0.331s] Level 1:colcon.colcon_core.package_identification:_identify(src/bot_description) by extension 'ignore_ament_install'
[0.331s] Level 1:colcon.colcon_core.package_identification:_identify(src/bot_description) by extensions ['colcon_pkg']
[0.331s] Level 1:colcon.colcon_core.package_identification:_identify(src/bot_description) by extension 'colcon_pkg'
[0.331s] Level 1:colcon.colcon_core.package_identification:_identify(src/bot_description) by extensions ['colcon_meta']
[0.331s] Level 1:colcon.colcon_core.package_identification:_identify(src/bot_description) by extension 'colcon_meta'
[0.331s] Level 1:colcon.colcon_core.package_identification:_identify(src/bot_description) by extensions ['ros']
[0.331s] Level 1:colcon.colcon_core.package_identification:_identify(src/bot_description) by extension 'ros'
[0.331s] DEBUG:colcon.colcon_core.package_identification:Package 'src/bot_description' with type 'ros.ament_cmake' and name 'bot_description'
[0.331s] Level 1:colcon.colcon_core.package_identification:_identify(src/bot_world) by extensions ['ignore', 'ignore_ament_install']
[0.332s] Level 1:colcon.colcon_core.package_identification:_identify(src/bot_world) by extension 'ignore'
[0.332s] Level 1:colcon.colcon_core.package_identification:_identify(src/bot_world) by extension 'ignore_ament_install'
[0.332s] Level 1:colcon.colcon_core.package_identification:_identify(src/bot_world) by extensions ['colcon_pkg']
[0.332s] Level 1:colcon.colcon_core.package_identification:_identify(src/bot_world) by extension 'colcon_pkg'
[0.332s] Level 1:colcon.colcon_core.package_identification:_identify(src/bot_world) by extensions ['colcon_meta']
[0.332s] Level 1:colcon.colcon_core.package_identification:_identify(src/bot_world) by extension 'colcon_meta'
[0.332s] Level 1:colcon.colcon_core.package_identification:_identify(src/bot_world) by extensions ['ros']
[0.332s] Level 1:colcon.colcon_core.package_identification:_identify(src/bot_world) by extension 'ros'
[0.332s] DEBUG:colcon.colcon_core.package_identification:Package 'src/bot_world' with type 'ros.ament_cmake' and name 'bot_world'
[0.332s] Level 1:colcon.colcon_core.package_discovery:discover_packages(recursive) using defaults
[0.332s] Level 1:colcon.colcon_core.package_discovery:discover_packages(ignore) discover
[0.332s] Level 1:colcon.colcon_core.package_discovery:discover_packages(ignore) using defaults
[0.332s] Level 1:colcon.colcon_core.package_discovery:discover_packages(path) discover
[0.332s] Level 1:colcon.colcon_core.package_discovery:discover_packages(path) using defaults
[0.351s] Level 1:colcon.colcon_core.package_discovery:discover_packages(prefix_path) check parameters
[0.351s] Level 1:colcon.colcon_core.package_discovery:discover_packages(prefix_path) discover
[0.353s] DEBUG:colcon.colcon_installed_package_information.package_discovery:Found 3 installed packages in /home/nani/ros2_ws/install
[0.354s] DEBUG:colcon.colcon_installed_package_information.package_discovery:Found 361 installed packages in /opt/ros/humble
[0.355s] Level 1:colcon.colcon_core.package_discovery:discover_packages(prefix_path) using defaults
[0.378s] Level 5:colcon.colcon_core.verb:set package 'bot_control' build argument 'cmake_args' from command line to 'None'
[0.378s] Level 5:colcon.colcon_core.verb:set package 'bot_control' build argument 'cmake_target' from command line to 'None'
[0.378s] Level 5:colcon.colcon_core.verb:set package 'bot_control' build argument 'cmake_target_skip_unavailable' from command line to 'False'
[0.378s] Level 5:colcon.colcon_core.verb:set package 'bot_control' build argument 'cmake_clean_cache' from command line to 'False'
[0.378s] Level 5:colcon.colcon_core.verb:set package 'bot_control' build argument 'cmake_clean_first' from command line to 'False'
[0.378s] Level 5:colcon.colcon_core.verb:set package 'bot_control' build argument 'cmake_force_configure' from command line to 'False'
[0.378s] Level 5:colcon.colcon_core.verb:set package 'bot_control' build argument 'ament_cmake_args' from command line to 'None'
[0.378s] Level 5:colcon.colcon_core.verb:set package 'bot_control' build argument 'catkin_cmake_args' from command line to 'None'
[0.378s] Level 5:colcon.colcon_core.verb:set package 'bot_control' build argument 'catkin_skip_building_tests' from command line to 'False'
[0.378s] DEBUG:colcon.colcon_core.verb:Building package 'bot_control' with the following arguments: {'ament_cmake_args': None, 'build_base': '/home/nani/nanibabu_ws/build/bot_control', 'catkin_cmake_args': None, 'catkin_skip_building_tests': False, 'cmake_args': None, 'cmake_clean_cache': False, 'cmake_clean_first': False, 'cmake_force_configure': False, 'cmake_target': None, 'cmake_target_skip_unavailable': False, 'install_base': '/home/nani/nanibabu_ws/install/bot_control', 'merge_install': False, 'path': '/home/nani/nanibabu_ws/src/bot_control', 'symlink_install': False, 'test_result_base': None}
[0.378s] Level 5:colcon.colcon_core.verb:set package 'bot_description' build argument 'cmake_args' from command line to 'None'
[0.378s] Level 5:colcon.colcon_core.verb:set package 'bot_description' build argument 'cmake_target' from command line to 'None'
[0.378s] Level 5:colcon.colcon_core.verb:set package 'bot_description' build argument 'cmake_target_skip_unavailable' from command line to 'False'
[0.378s] Level 5:colcon.colcon_core.verb:set package 'bot_description' build argument 'cmake_clean_cache' from command line to 'False'
[0.378s] Level 5:colcon.colcon_core.verb:set package 'bot_description' build argument 'cmake_clean_first' from command line to 'False'
[0.378s] Level 5:colcon.colcon_core.verb:set package 'bot_description' build argument 'cmake_force_configure' from command line to 'False'
[0.378s] Level 5:colcon.colcon_core.verb:set package 'bot_description' build argument 'ament_cmake_args' from command line to 'None'
[0.378s] Level 5:colcon.colcon_core.verb:set package 'bot_description' build argument 'catkin_cmake_args' from command line to 'None'
[0.378s] Level 5:colcon.colcon_core.verb:set package 'bot_description' build argument 'catkin_skip_building_tests' from command line to 'False'
[0.378s] DEBUG:colcon.colcon_core.verb:Building package 'bot_description' with the following arguments: {'ament_cmake_args': None, 'build_base': '/home/nani/nanibabu_ws/build/bot_description', 'catkin_cmake_args': None, 'catkin_skip_building_tests': False, 'cmake_args': None, 'cmake_clean_cache': False, 'cmake_clean_first': False, 'cmake_force_configure': False, 'cmake_target': None, 'cmake_target_skip_unavailable': False, 'install_base': '/home/nani/nanibabu_ws/install/bot_description', 'merge_install': False, 'path': '/home/nani/nanibabu_ws/src/bot_description', 'symlink_install': False, 'test_result_base': None}
[0.378s] Level 5:colcon.colcon_core.verb:set package 'bot_world' build argument 'cmake_args' from command line to 'None'
[0.378s] Level 5:colcon.colcon_core.verb:set package 'bot_world' build argument 'cmake_target' from command line to 'None'
[0.378s] Level 5:colcon.colcon_core.verb:set package 'bot_world' build argument 'cmake_target_skip_unavailable' from command line to 'False'
[0.378s] Level 5:colcon.colcon_core.verb:set package 'bot_world' build argument 'cmake_clean_cache' from command line to 'False'
[0.378s] Level 5:colcon.colcon_core.verb:set package 'bot_world' build argument 'cmake_clean_first' from command line to 'False'
[0.378s] Level 5:colcon.colcon_core.verb:set package 'bot_world' build argument 'cmake_force_configure' from command line to 'False'
[0.379s] Level 5:colcon.colcon_core.verb:set package 'bot_world' build argument 'ament_cmake_args' from command line to 'None'
[0.379s] Level 5:colcon.colcon_core.verb:set package 'bot_world' build argument 'catkin_cmake_args' from command line to 'None'
[0.379s] Level 5:colcon.colcon_core.verb:set package 'bot_world' build argument 'catkin_skip_building_tests' from command line to 'False'
[0.379s] DEBUG:colcon.colcon_core.verb:Building package 'bot_world' with the following arguments: {'ament_cmake_args': None, 'build_base': '/home/nani/nanibabu_ws/build/bot_world', 'catkin_cmake_args': None, 'catkin_skip_building_tests': False, 'cmake_args': None, 'cmake_clean_cache': False, 'cmake_clean_first': False, 'cmake_force_configure': False, 'cmake_target': None, 'cmake_target_skip_unavailable': False, 'install_base': '/home/nani/nanibabu_ws/install/bot_world', 'merge_install': False, 'path': '/home/nani/nanibabu_ws/src/bot_world', 'symlink_install': False, 'test_result_base': None}
[0.379s] INFO:colcon.colcon_core.executor:Executing jobs using 'parallel' executor
[0.379s] DEBUG:colcon.colcon_parallel_executor.executor.parallel:run_until_complete
[0.379s] INFO:colcon.colcon_ros.task.ament_cmake.build:Building ROS package in '/home/nani/nanibabu_ws/src/bot_control' with build type 'ament_cmake'
[0.379s] INFO:colcon.colcon_cmake.task.cmake.build:Building CMake package in '/home/nani/nanibabu_ws/src/bot_control'
[0.382s] INFO:colcon.colcon_core.plugin_system:Skipping extension 'colcon_core.shell.bat': Not used on non-Windows systems
[0.382s] INFO:colcon.colcon_core.shell:Skip shell extension 'powershell' for command environment: Not usable outside of PowerShell
[0.382s] DEBUG:colcon.colcon_core.shell:Skip shell extension 'dsv' for command environment
[0.384s] INFO:colcon.colcon_ros.task.ament_cmake.build:Building ROS package in '/home/nani/nanibabu_ws/src/bot_description' with build type 'ament_cmake'
[0.384s] INFO:colcon.colcon_cmake.task.cmake.build:Building CMake package in '/home/nani/nanibabu_ws/src/bot_description'
[0.385s] INFO:colcon.colcon_core.shell:Skip shell extension 'powershell' for command environment: Not usable outside of PowerShell
[0.385s] DEBUG:colcon.colcon_core.shell:Skip shell extension 'dsv' for command environment
[0.386s] INFO:colcon.colcon_ros.task.ament_cmake.build:Building ROS package in '/home/nani/nanibabu_ws/src/bot_world' with build type 'ament_cmake'
[0.386s] INFO:colcon.colcon_cmake.task.cmake.build:Building CMake package in '/home/nani/nanibabu_ws/src/bot_world'
[0.386s] INFO:colcon.colcon_core.shell:Skip shell extension 'powershell' for command environment: Not usable outside of PowerShell
[0.386s] DEBUG:colcon.colcon_core.shell:Skip shell extension 'dsv' for command environment
[0.391s] DEBUG:colcon.colcon_core.event_handler.log_command:Invoking command in '/home/nani/nanibabu_ws/build/bot_control': CMAKE_PREFIX_PATH=${CMAKE_PREFIX_PATH}:/opt/ros/humble /usr/bin/cmake --build /home/nani/nanibabu_ws/build/bot_control -- -j20 -l20
[0.394s] DEBUG:colcon.colcon_core.event_handler.log_command:Invoking command in '/home/nani/nanibabu_ws/build/bot_description': CMAKE_PREFIX_PATH=${CMAKE_PREFIX_PATH}:/opt/ros/humble /usr/bin/cmake --build /home/nani/nanibabu_ws/build/bot_description -- -j20 -l20
[0.396s] DEBUG:colcon.colcon_core.event_handler.log_command:Invoking command in '/home/nani/nanibabu_ws/build/bot_world': CMAKE_PREFIX_PATH=${CMAKE_PREFIX_PATH}:/opt/ros/humble /usr/bin/cmake --build /home/nani/nanibabu_ws/build/bot_world -- -j20 -l20
[0.452s] DEBUG:colcon.colcon_core.event_handler.log_command:Invoked command in '/home/nani/nanibabu_ws/build/bot_description' returned '0': CMAKE_PREFIX_PATH=${CMAKE_PREFIX_PATH}:/opt/ros/humble /usr/bin/cmake --build /home/nani/nanibabu_ws/build/bot_description -- -j20 -l20
[0.462s] DEBUG:colcon.colcon_core.event_handler.log_command:Invoking command in '/home/nani/nanibabu_ws/build/bot_description': CMAKE_PREFIX_PATH=${CMAKE_PREFIX_PATH}:/opt/ros/humble /usr/bin/cmake --install /home/nani/nanibabu_ws/build/bot_description
[0.463s] DEBUG:colcon.colcon_core.event_handler.log_command:Invoked command in '/home/nani/nanibabu_ws/build/bot_world' returned '0': CMAKE_PREFIX_PATH=${CMAKE_PREFIX_PATH}:/opt/ros/humble /usr/bin/cmake --build /home/nani/nanibabu_ws/build/bot_world -- -j20 -l20
[0.465s] DEBUG:colcon.colcon_core.event_handler.log_command:Invoking command in '/home/nani/nanibabu_ws/build/bot_world': CMAKE_PREFIX_PATH=${CMAKE_PREFIX_PATH}:/opt/ros/humble /usr/bin/cmake --install /home/nani/nanibabu_ws/build/bot_world
[0.480s] Level 1:colcon.colcon_core.environment:create_environment_scripts_only(bot_world)
[0.480s] DEBUG:colcon.colcon_core.event_handler.log_command:Invoked command in '/home/nani/nanibabu_ws/build/bot_world' returned '0': CMAKE_PREFIX_PATH=${CMAKE_PREFIX_PATH}:/opt/ros/humble /usr/bin/cmake --install /home/nani/nanibabu_ws/build/bot_world
[0.488s] Level 1:colcon.colcon_core.environment:checking '/home/nani/nanibabu_ws/install/bot_world' for CMake module files
[0.489s] Level 1:colcon.colcon_core.environment:checking '/home/nani/nanibabu_ws/install/bot_world' for CMake config files
[0.490s] Level 1:colcon.colcon_core.shell:create_environment_hook('bot_world', 'cmake_prefix_path')
[0.490s] INFO:colcon.colcon_core.shell:Creating environment hook '/home/nani/nanibabu_ws/install/bot_world/share/bot_world/hook/cmake_prefix_path.ps1'
[0.492s] INFO:colcon.colcon_core.shell:Creating environment descriptor '/home/nani/nanibabu_ws/install/bot_world/share/bot_world/hook/cmake_prefix_path.dsv'
[0.493s] INFO:colcon.colcon_core.shell:Creating environment hook '/home/nani/nanibabu_ws/install/bot_world/share/bot_world/hook/cmake_prefix_path.sh'
[0.494s] Level 1:colcon.colcon_core.environment:checking '/home/nani/nanibabu_ws/install/bot_world/bin'
[0.494s] Level 1:colcon.colcon_core.environment:checking '/home/nani/nanibabu_ws/install/bot_world/lib/pkgconfig/bot_world.pc'
[0.495s] Level 1:colcon.colcon_core.environment:checking '/home/nani/nanibabu_ws/install/bot_world/lib/python3.10/site-packages'
[0.495s] Level 1:colcon.colcon_core.environment:checking '/home/nani/nanibabu_ws/install/bot_world/bin'
[0.495s] INFO:colcon.colcon_core.shell:Creating package script '/home/nani/nanibabu_ws/install/bot_world/share/bot_world/package.ps1'
[0.497s] INFO:colcon.colcon_core.shell:Creating package descriptor '/home/nani/nanibabu_ws/install/bot_world/share/bot_world/package.dsv'
[0.497s] INFO:colcon.colcon_core.shell:Creating package script '/home/nani/nanibabu_ws/install/bot_world/share/bot_world/package.sh'
[0.498s] INFO:colcon.colcon_core.shell:Creating package script '/home/nani/nanibabu_ws/install/bot_world/share/bot_world/package.bash'
[0.499s] INFO:colcon.colcon_core.shell:Creating package script '/home/nani/nanibabu_ws/install/bot_world/share/bot_world/package.zsh'
[0.500s] Level 1:colcon.colcon_core.environment:create_file_with_runtime_dependencies(/home/nani/nanibabu_ws/install/bot_world/share/colcon-core/packages/bot_world)
[0.500s] Level 1:colcon.colcon_core.environment:create_environment_scripts_only(bot_world)
[0.501s] Level 1:colcon.colcon_core.environment:checking '/home/nani/nanibabu_ws/install/bot_world' for CMake module files
[0.501s] Level 1:colcon.colcon_core.environment:checking '/home/nani/nanibabu_ws/install/bot_world' for CMake config files
[0.501s] Level 1:colcon.colcon_core.shell:create_environment_hook('bot_world', 'cmake_prefix_path')
[0.501s] INFO:colcon.colcon_core.shell:Creating environment hook '/home/nani/nanibabu_ws/install/bot_world/share/bot_world/hook/cmake_prefix_path.ps1'
[0.502s] INFO:colcon.colcon_core.shell:Creating environment descriptor '/home/nani/nanibabu_ws/install/bot_world/share/bot_world/hook/cmake_prefix_path.dsv'
[0.502s] INFO:colcon.colcon_core.shell:Creating environment hook '/home/nani/nanibabu_ws/install/bot_world/share/bot_world/hook/cmake_prefix_path.sh'
[0.502s] Level 1:colcon.colcon_core.environment:checking '/home/nani/nanibabu_ws/install/bot_world/bin'
[0.502s] Level 1:colcon.colcon_core.environment:checking '/home/nani/nanibabu_ws/install/bot_world/lib/pkgconfig/bot_world.pc'
[0.503s] Level 1:colcon.colcon_core.environment:checking '/home/nani/nanibabu_ws/install/bot_world/lib/python3.10/site-packages'
[0.503s] Level 1:colcon.colcon_core.environment:checking '/home/nani/nanibabu_ws/install/bot_world/bin'
[0.503s] INFO:colcon.colcon_core.shell:Creating package script '/home/nani/nanibabu_ws/install/bot_world/share/bot_world/package.ps1'
[0.503s] INFO:colcon.colcon_core.shell:Creating package descriptor '/home/nani/nanibabu_ws/install/bot_world/share/bot_world/package.dsv'
[0.504s] INFO:colcon.colcon_core.shell:Creating package script '/home/nani/nanibabu_ws/install/bot_world/share/bot_world/package.sh'
[0.504s] INFO:colcon.colcon_core.shell:Creating package script '/home/nani/nanibabu_ws/install/bot_world/share/bot_world/package.bash'
[0.504s] INFO:colcon.colcon_core.shell:Creating package script '/home/nani/nanibabu_ws/install/bot_world/share/bot_world/package.zsh'
[0.504s] Level 1:colcon.colcon_core.environment:create_file_with_runtime_dependencies(/home/nani/nanibabu_ws/install/bot_world/share/colcon-core/packages/bot_world)
[0.505s] Level 1:colcon.colcon_core.environment:create_environment_scripts_only(bot_description)
[0.505s] Level 1:colcon.colcon_core.environment:checking '/home/nani/nanibabu_ws/install/bot_description' for CMake module files
[0.506s] DEBUG:colcon.colcon_core.event_handler.log_command:Invoked command in '/home/nani/nanibabu_ws/build/bot_description' returned '0': CMAKE_PREFIX_PATH=${CMAKE_PREFIX_PATH}:/opt/ros/humble /usr/bin/cmake --install /home/nani/nanibabu_ws/build/bot_description
[0.506s] Level 1:colcon.colcon_core.environment:checking '/home/nani/nanibabu_ws/install/bot_description' for CMake config files
[0.507s] Level 1:colcon.colcon_core.shell:create_environment_hook('bot_description', 'cmake_prefix_path')
[0.507s] INFO:colcon.colcon_core.shell:Creating environment hook '/home/nani/nanibabu_ws/install/bot_description/share/bot_description/hook/cmake_prefix_path.ps1'
[0.507s] INFO:colcon.colcon_core.shell:Creating environment descriptor '/home/nani/nanibabu_ws/install/bot_description/share/bot_description/hook/cmake_prefix_path.dsv'
[0.508s] INFO:colcon.colcon_core.shell:Creating environment hook '/home/nani/nanibabu_ws/install/bot_description/share/bot_description/hook/cmake_prefix_path.sh'
[0.508s] Level 1:colcon.colcon_core.environment:checking '/home/nani/nanibabu_ws/install/bot_description/bin'
[0.508s] Level 1:colcon.colcon_core.environment:checking '/home/nani/nanibabu_ws/install/bot_description/lib/pkgconfig/bot_description.pc'
[0.508s] Level 1:colcon.colcon_core.environment:checking '/home/nani/nanibabu_ws/install/bot_description/lib/python3.10/site-packages'
[0.508s] Level 1:colcon.colcon_core.environment:checking '/home/nani/nanibabu_ws/install/bot_description/bin'
[0.508s] INFO:colcon.colcon_core.shell:Creating package script '/home/nani/nanibabu_ws/install/bot_description/share/bot_description/package.ps1'
[0.509s] INFO:colcon.colcon_core.shell:Creating package descriptor '/home/nani/nanibabu_ws/install/bot_description/share/bot_description/package.dsv'
[0.509s] INFO:colcon.colcon_core.shell:Creating package script '/home/nani/nanibabu_ws/install/bot_description/share/bot_description/package.sh'
[0.509s] INFO:colcon.colcon_core.shell:Creating package script '/home/nani/nanibabu_ws/install/bot_description/share/bot_description/package.bash'
[0.509s] INFO:colcon.colcon_core.shell:Creating package script '/home/nani/nanibabu_ws/install/bot_description/share/bot_description/package.zsh'
[0.509s] Level 1:colcon.colcon_core.environment:create_file_with_runtime_dependencies(/home/nani/nanibabu_ws/install/bot_description/share/colcon-core/packages/bot_description)
[0.509s] Level 1:colcon.colcon_core.environment:create_environment_scripts_only(bot_description)
[0.509s] Level 1:colcon.colcon_core.environment:checking '/home/nani/nanibabu_ws/install/bot_description' for CMake module files
[0.510s] Level 1:colcon.colcon_core.environment:checking '/home/nani/nanibabu_ws/install/bot_description' for CMake config files
[0.510s] Level 1:colcon.colcon_core.shell:create_environment_hook('bot_description', 'cmake_prefix_path')
[0.510s] INFO:colcon.colcon_core.shell:Creating environment hook '/home/nani/nanibabu_ws/install/bot_description/share/bot_description/hook/cmake_prefix_path.ps1'
[0.510s] INFO:colcon.colcon_core.shell:Creating environment descriptor '/home/nani/nanibabu_ws/install/bot_description/share/bot_description/hook/cmake_prefix_path.dsv'
[0.510s] INFO:colcon.colcon_core.shell:Creating environment hook '/home/nani/nanibabu_ws/install/bot_description/share/bot_description/hook/cmake_prefix_path.sh'
[0.511s] Level 1:colcon.colcon_core.environment:checking '/home/nani/nanibabu_ws/install/bot_description/bin'
[0.511s] Level 1:colcon.colcon_core.environment:checking '/home/nani/nanibabu_ws/install/bot_description/lib/pkgconfig/bot_description.pc'
[0.511s] Level 1:colcon.colcon_core.environment:checking '/home/nani/nanibabu_ws/install/bot_description/lib/python3.10/site-packages'
[0.511s] Level 1:colcon.colcon_core.environment:checking '/home/nani/nanibabu_ws/install/bot_description/bin'
[0.511s] INFO:colcon.colcon_core.shell:Creating package script '/home/nani/nanibabu_ws/install/bot_description/share/bot_description/package.ps1'
[0.511s] INFO:colcon.colcon_core.shell:Creating package descriptor '/home/nani/nanibabu_ws/install/bot_description/share/bot_description/package.dsv'
[0.511s] INFO:colcon.colcon_core.shell:Creating package script '/home/nani/nanibabu_ws/install/bot_description/share/bot_description/package.sh'
[0.512s] INFO:colcon.colcon_core.shell:Creating package script '/home/nani/nanibabu_ws/install/bot_description/share/bot_description/package.bash'
[0.512s] INFO:colcon.colcon_core.shell:Creating package script '/home/nani/nanibabu_ws/install/bot_description/share/bot_description/package.zsh'
[0.512s] Level 1:colcon.colcon_core.environment:create_file_with_runtime_dependencies(/home/nani/nanibabu_ws/install/bot_description/share/colcon-core/packages/bot_description)
[0.512s] DEBUG:colcon.colcon_core.event_handler.log_command:Invoked command in '/home/nani/nanibabu_ws/build/bot_control' returned '0': CMAKE_PREFIX_PATH=${CMAKE_PREFIX_PATH}:/opt/ros/humble /usr/bin/cmake --build /home/nani/nanibabu_ws/build/bot_control -- -j20 -l20
[0.514s] DEBUG:colcon.colcon_core.event_handler.log_command:Invoking command in '/home/nani/nanibabu_ws/build/bot_control': CMAKE_PREFIX_PATH=${CMAKE_PREFIX_PATH}:/opt/ros/humble /usr/bin/cmake --install /home/nani/nanibabu_ws/build/bot_control
[0.522s] Level 1:colcon.colcon_core.environment:create_environment_scripts_only(bot_control)
[0.522s] Level 1:colcon.colcon_core.environment:checking '/home/nani/nanibabu_ws/install/bot_control' for CMake module files
[0.522s] DEBUG:colcon.colcon_core.event_handler.log_command:Invoked command in '/home/nani/nanibabu_ws/build/bot_control' returned '0': CMAKE_PREFIX_PATH=${CMAKE_PREFIX_PATH}:/opt/ros/humble /usr/bin/cmake --install /home/nani/nanibabu_ws/build/bot_control
[0.522s] Level 1:colcon.colcon_core.environment:checking '/home/nani/nanibabu_ws/install/bot_control' for CMake config files
[0.523s] Level 1:colcon.colcon_core.shell:create_environment_hook('bot_control', 'cmake_prefix_path')
[0.523s] INFO:colcon.colcon_core.shell:Creating environment hook '/home/nani/nanibabu_ws/install/bot_control/share/bot_control/hook/cmake_prefix_path.ps1'
[0.524s] INFO:colcon.colcon_core.shell:Creating environment descriptor '/home/nani/nanibabu_ws/install/bot_control/share/bot_control/hook/cmake_prefix_path.dsv'
[0.524s] INFO:colcon.colcon_core.shell:Creating environment hook '/home/nani/nanibabu_ws/install/bot_control/share/bot_control/hook/cmake_prefix_path.sh'
[0.524s] Level 1:colcon.colcon_core.environment:checking '/home/nani/nanibabu_ws/install/bot_control/lib'
[0.524s] Level 1:colcon.colcon_core.environment:checking '/home/nani/nanibabu_ws/install/bot_control/bin'
[0.524s] Level 1:colcon.colcon_core.environment:checking '/home/nani/nanibabu_ws/install/bot_control/lib/pkgconfig/bot_control.pc'
[0.524s] Level 1:colcon.colcon_core.environment:checking '/home/nani/nanibabu_ws/install/bot_control/lib/python3.10/site-packages'
[0.525s] Level 1:colcon.colcon_core.environment:checking '/home/nani/nanibabu_ws/install/bot_control/bin'
[0.525s] INFO:colcon.colcon_core.shell:Creating package script '/home/nani/nanibabu_ws/install/bot_control/share/bot_control/package.ps1'
[0.525s] INFO:colcon.colcon_core.shell:Creating package descriptor '/home/nani/nanibabu_ws/install/bot_control/share/bot_control/package.dsv'
[0.525s] INFO:colcon.colcon_core.shell:Creating package script '/home/nani/nanibabu_ws/install/bot_control/share/bot_control/package.sh'
[0.525s] INFO:colcon.colcon_core.shell:Creating package script '/home/nani/nanibabu_ws/install/bot_control/share/bot_control/package.bash'
[0.526s] INFO:colcon.colcon_core.shell:Creating package script '/home/nani/nanibabu_ws/install/bot_control/share/bot_control/package.zsh'
[0.526s] Level 1:colcon.colcon_core.environment:create_file_with_runtime_dependencies(/home/nani/nanibabu_ws/install/bot_control/share/colcon-core/packages/bot_control)
[0.526s] Level 1:colcon.colcon_core.environment:create_environment_scripts_only(bot_control)
[0.526s] Level 1:colcon.colcon_core.environment:checking '/home/nani/nanibabu_ws/install/bot_control' for CMake module files
[0.526s] Level 1:colcon.colcon_core.environment:checking '/home/nani/nanibabu_ws/install/bot_control' for CMake config files
[0.527s] Level 1:colcon.colcon_core.shell:create_environment_hook('bot_control', 'cmake_prefix_path')
[0.527s] INFO:colcon.colcon_core.shell:Creating environment hook '/home/nani/nanibabu_ws/install/bot_control/share/bot_control/hook/cmake_prefix_path.ps1'
[0.527s] INFO:colcon.colcon_core.shell:Creating environment descriptor '/home/nani/nanibabu_ws/install/bot_control/share/bot_control/hook/cmake_prefix_path.dsv'
[0.527s] INFO:colcon.colcon_core.shell:Creating environment hook '/home/nani/nanibabu_ws/install/bot_control/share/bot_control/hook/cmake_prefix_path.sh'
[0.527s] Level 1:colcon.colcon_core.environment:checking '/home/nani/nanibabu_ws/install/bot_control/lib'
[0.527s] Level 1:colcon.colcon_core.environment:checking '/home/nani/nanibabu_ws/install/bot_control/bin'
[0.527s] Level 1:colcon.colcon_core.environment:checking '/home/nani/nanibabu_ws/install/bot_control/lib/pkgconfig/bot_control.pc'
[0.527s] Level 1:colcon.colcon_core.environment:checking '/home/nani/nanibabu_ws/install/bot_control/lib/python3.10/site-packages'
[0.528s] Level 1:colcon.colcon_core.environment:checking '/home/nani/nanibabu_ws/install/bot_control/bin'
[0.528s] INFO:colcon.colcon_core.shell:Creating package script '/home/nani/nanibabu_ws/install/bot_control/share/bot_control/package.ps1'
[0.528s] INFO:colcon.colcon_core.shell:Creating package descriptor '/home/nani/nanibabu_ws/install/bot_control/share/bot_control/package.dsv'
[0.528s] INFO:colcon.colcon_core.shell:Creating package script '/home/nani/nanibabu_ws/install/bot_control/share/bot_control/package.sh'
[0.528s] INFO:colcon.colcon_core.shell:Creating package script '/home/nani/nanibabu_ws/install/bot_control/share/bot_control/package.bash'
[0.528s] INFO:colcon.colcon_core.shell:Creating package script '/home/nani/nanibabu_ws/install/bot_control/share/bot_control/package.zsh'
[0.529s] Level 1:colcon.colcon_core.environment:create_file_with_runtime_dependencies(/home/nani/nanibabu_ws/install/bot_control/share/colcon-core/packages/bot_control)
[0.529s] DEBUG:colcon.colcon_parallel_executor.executor.parallel:closing loop
[0.529s] DEBUG:colcon.colcon_parallel_executor.executor.parallel:loop closed
[0.529s] DEBUG:colcon.colcon_parallel_executor.executor.parallel:run_until_complete finished with '0'
[0.529s] DEBUG:colcon.colcon_core.event_reactor:joining thread
[0.532s] INFO:colcon.colcon_core.plugin_system:Skipping extension 'colcon_notification.desktop_notification.terminal_notifier': Not used on non-Darwin systems
[0.532s] INFO:colcon.colcon_core.plugin_system:Skipping extension 'colcon_notification.desktop_notification.win32': Not used on non-Windows systems
[0.532s] INFO:colcon.colcon_notification.desktop_notification:Sending desktop notification using 'notify2'
[0.549s] DEBUG:colcon.colcon_core.event_reactor:joined thread
[0.549s] INFO:colcon.colcon_core.shell:Creating prefix script '/home/nani/nanibabu_ws/install/local_setup.ps1'
[0.550s] INFO:colcon.colcon_core.shell:Creating prefix util module '/home/nani/nanibabu_ws/install/_local_setup_util_ps1.py'
[0.551s] INFO:colcon.colcon_core.shell:Creating prefix chain script '/home/nani/nanibabu_ws/install/setup.ps1'
[0.552s] INFO:colcon.colcon_core.shell:Creating prefix script '/home/nani/nanibabu_ws/install/local_setup.sh'
[0.552s] INFO:colcon.colcon_core.shell:Creating prefix util module '/home/nani/nanibabu_ws/install/_local_setup_util_sh.py'
[0.553s] INFO:colcon.colcon_core.shell:Creating prefix chain script '/home/nani/nanibabu_ws/install/setup.sh'
[0.553s] INFO:colcon.colcon_core.shell:Creating prefix script '/home/nani/nanibabu_ws/install/local_setup.bash'
[0.554s] INFO:colcon.colcon_core.shell:Creating prefix chain script '/home/nani/nanibabu_ws/install/setup.bash'
[0.554s] INFO:colcon.colcon_core.shell:Creating prefix script '/home/nani/nanibabu_ws/install/local_setup.zsh'
[0.555s] INFO:colcon.colcon_core.shell:Creating prefix chain script '/home/nani/nanibabu_ws/install/setup.zsh'
