-- Found ament_cmake: 1.3.11 (/opt/ros/humble/share/ament_cmake/cmake)
-- Found ament_lint_auto: 0.12.12 (/opt/ros/humble/share/ament_lint_auto/cmake)
-- Added test 'lint_cmake' to check CMake code style
-- Added test 'xmllint' to check XML markup files
-- Configuring done
-- Generating done
-- Build files have been written to: /home/nani/nanibabu_ws/build/bot_world
-- Install configuration: ""
-- Up-to-date: /home/nani/nanibabu_ws/install/bot_world/share/ament_index/resource_index/package_run_dependencies/bot_world
-- Up-to-date: /home/nani/nanibabu_ws/install/bot_world/share/ament_index/resource_index/parent_prefix_path/bot_world
-- Up-to-date: /home/nani/nanibabu_ws/install/bot_world/share/bot_world/environment/ament_prefix_path.sh
-- Installing: /home/nani/nanibabu_ws/install/bot_world/share/bot_world/environment/ament_prefix_path.dsv
-- Up-to-date: /home/nani/nanibabu_ws/install/bot_world/share/bot_world/environment/path.sh
-- Installing: /home/nani/nanibabu_ws/install/bot_world/share/bot_world/environment/path.dsv
-- Up-to-date: /home/nani/nanibabu_ws/install/bot_world/share/bot_world/local_setup.bash
-- Up-to-date: /home/nani/nanibabu_ws/install/bot_world/share/bot_world/local_setup.sh
-- Up-to-date: /home/nani/nanibabu_ws/install/bot_world/share/bot_world/local_setup.zsh
-- Installing: /home/nani/nanibabu_ws/install/bot_world/share/bot_world/local_setup.dsv
-- Installing: /home/nani/nanibabu_ws/install/bot_world/share/bot_world/package.dsv
-- Up-to-date: /home/nani/nanibabu_ws/install/bot_world/share/ament_index/resource_index/packages/bot_world
-- Up-to-date: /home/nani/nanibabu_ws/install/bot_world/share/bot_world/cmake/bot_worldConfig.cmake
-- Up-to-date: /home/nani/nanibabu_ws/install/bot_world/share/bot_world/cmake/bot_worldConfig-version.cmake
-- Up-to-date: /home/nani/nanibabu_ws/install/bot_world/share/bot_world/package.xml
