[0.009s] Invoking command in '/home/nani/nanibabu_ws/build/bot_world': CMAKE_PREFIX_PATH=${CMAKE_PREFIX_PATH}:/opt/ros/humble /usr/bin/cmake --build /home/nani/nanibabu_ws/build/bot_world -- -j20 -l20
[0.039s] -- Found ament_cmake: 1.3.11 (/opt/ros/humble/share/ament_cmake/cmake)
[0.130s] -- Found ament_lint_auto: 0.12.12 (/opt/ros/humble/share/ament_lint_auto/cmake)
[0.174s] -- Added test 'lint_cmake' to check CMake code style
[0.175s] -- Added test 'xmllint' to check XML markup files
[0.176s] -- Configuring done
[0.178s] -- Generating done
[0.179s] -- Build files have been written to: /home/nani/nanibabu_ws/build/bot_world
[0.193s] Invoked command in '/home/nani/nanibabu_ws/build/bot_world' returned '0': CMAKE_PREFIX_PATH=${CMAKE_PREFIX_PATH}:/opt/ros/humble /usr/bin/cmake --build /home/nani/nanibabu_ws/build/bot_world -- -j20 -l20
[0.194s] Invoking command in '/home/nani/nanibabu_ws/build/bot_world': CMAKE_PREFIX_PATH=${CMAKE_PREFIX_PATH}:/opt/ros/humble /usr/bin/cmake --install /home/nani/nanibabu_ws/build/bot_world
[0.198s] -- Install configuration: ""
[0.199s] -- Up-to-date: /home/nani/nanibabu_ws/install/bot_world/share/ament_index/resource_index/package_run_dependencies/bot_world
[0.199s] -- Up-to-date: /home/nani/nanibabu_ws/install/bot_world/share/ament_index/resource_index/parent_prefix_path/bot_world
[0.199s] -- Up-to-date: /home/nani/nanibabu_ws/install/bot_world/share/bot_world/environment/ament_prefix_path.sh
[0.199s] -- Installing: /home/nani/nanibabu_ws/install/bot_world/share/bot_world/environment/ament_prefix_path.dsv
[0.199s] -- Up-to-date: /home/nani/nanibabu_ws/install/bot_world/share/bot_world/environment/path.sh
[0.199s] -- Installing: /home/nani/nanibabu_ws/install/bot_world/share/bot_world/environment/path.dsv
[0.199s] -- Up-to-date: /home/nani/nanibabu_ws/install/bot_world/share/bot_world/local_setup.bash
[0.199s] -- Up-to-date: /home/nani/nanibabu_ws/install/bot_world/share/bot_world/local_setup.sh
[0.199s] -- Up-to-date: /home/nani/nanibabu_ws/install/bot_world/share/bot_world/local_setup.zsh
[0.199s] -- Installing: /home/nani/nanibabu_ws/install/bot_world/share/bot_world/local_setup.dsv
[0.199s] -- Installing: /home/nani/nanibabu_ws/install/bot_world/share/bot_world/package.dsv
[0.199s] -- Up-to-date: /home/nani/nanibabu_ws/install/bot_world/share/ament_index/resource_index/packages/bot_world
[0.199s] -- Up-to-date: /home/nani/nanibabu_ws/install/bot_world/share/bot_world/cmake/bot_worldConfig.cmake
[0.199s] -- Up-to-date: /home/nani/nanibabu_ws/install/bot_world/share/bot_world/cmake/bot_worldConfig-version.cmake
[0.199s] -- Up-to-date: /home/nani/nanibabu_ws/install/bot_world/share/bot_world/package.xml
[0.201s] Invoked command in '/home/nani/nanibabu_ws/build/bot_world' returned '0': CMAKE_PREFIX_PATH=${CMAKE_PREFIX_PATH}:/opt/ros/humble /usr/bin/cmake --install /home/nani/nanibabu_ws/build/bot_world
