[0.009s] Invoking command in '/home/nani/nanibabu_ws/build/bot_control': CMAKE_PREFIX_PATH=${CMAKE_PREFIX_PATH}:/opt/ros/humble /usr/bin/cmake /home/nani/nanibabu_ws/src/bot_control -DAMENT_CMAKE_SYMLINK_INSTALL=1 -DCMAKE_INSTALL_PREFIX=/home/nani/nanibabu_ws/install/bot_control
[0.021s] -- Found ament_cmake: 1.3.11 (/opt/ros/humble/share/ament_cmake/cmake)
[0.118s] -- Override CMake install command with custom implementation using symlinks instead of copying resources
[0.130s] -- Found rclcpp: 16.0.12 (/opt/ros/humble/share/rclcpp/cmake)
[0.162s] -- Found rosidl_generator_c: 3.1.6 (/opt/ros/humble/share/rosidl_generator_c/cmake)
[0.164s] -- Found rosidl_adapter: 3.1.6 (/opt/ros/humble/share/rosidl_adapter/cmake)
[0.170s] -- Found rosidl_generator_cpp: 3.1.6 (/opt/ros/humble/share/rosidl_generator_cpp/cmake)
[0.180s] -- Using all available rosidl_typesupport_c: rosidl_typesupport_fastrtps_c;rosidl_typesupport_introspection_c
[0.193s] -- Using all available rosidl_typesupport_cpp: rosidl_typesupport_fastrtps_cpp;rosidl_typesupport_introspection_cpp
[0.227s] -- Found rmw_implementation_cmake: 6.1.2 (/opt/ros/humble/share/rmw_implementation_cmake/cmake)
[0.229s] -- Found rmw_fastrtps_cpp: 6.2.7 (/opt/ros/humble/share/rmw_fastrtps_cpp/cmake)
[0.319s] -- Using RMW implementation 'rmw_fastrtps_cpp' as default
[0.365s] -- Found sensor_msgs: 4.8.0 (/opt/ros/humble/share/sensor_msgs/cmake)
[0.391s] -- Found ament_lint_auto: 0.12.12 (/opt/ros/humble/share/ament_lint_auto/cmake)
[0.435s] -- Added test 'cppcheck' to perform static code analysis on C / C++ code
[0.435s] -- Configured cppcheck include dirs: 
[0.435s] -- Configured cppcheck exclude dirs and/or files: 
[0.435s] -- Added test 'lint_cmake' to check CMake code style
[0.435s] -- Added test 'uncrustify' to check C / C++ code style
[0.435s] -- Configured uncrustify additional arguments: 
[0.435s] -- Added test 'xmllint' to check XML markup files
[0.437s] -- Configuring done
[0.443s] -- Generating done
[0.445s] -- Build files have been written to: /home/nani/nanibabu_ws/build/bot_control
[0.451s] Invoked command in '/home/nani/nanibabu_ws/build/bot_control' returned '0': CMAKE_PREFIX_PATH=${CMAKE_PREFIX_PATH}:/opt/ros/humble /usr/bin/cmake /home/nani/nanibabu_ws/src/bot_control -DAMENT_CMAKE_SYMLINK_INSTALL=1 -DCMAKE_INSTALL_PREFIX=/home/nani/nanibabu_ws/install/bot_control
[0.452s] Invoking command in '/home/nani/nanibabu_ws/build/bot_control': CMAKE_PREFIX_PATH=${CMAKE_PREFIX_PATH}:/opt/ros/humble /usr/bin/cmake --build /home/nani/nanibabu_ws/build/bot_control -- -j20 -l20
[0.485s] [35m[1mConsolidate compiler generated dependencies of target laser_filter_node[0m
[0.507s] [ 50%] [32m[1mLinking CXX executable laser_filter_node[0m
[0.764s] [100%] Built target laser_filter_node
[0.770s] Invoked command in '/home/nani/nanibabu_ws/build/bot_control' returned '0': CMAKE_PREFIX_PATH=${CMAKE_PREFIX_PATH}:/opt/ros/humble /usr/bin/cmake --build /home/nani/nanibabu_ws/build/bot_control -- -j20 -l20
[0.772s] Invoking command in '/home/nani/nanibabu_ws/build/bot_control': CMAKE_PREFIX_PATH=${CMAKE_PREFIX_PATH}:/opt/ros/humble /usr/bin/cmake --install /home/nani/nanibabu_ws/build/bot_control
[0.777s] -- Install configuration: ""
[0.777s] -- Execute custom install script
[0.777s] -- Symlinking: /home/nani/nanibabu_ws/install/bot_control/lib/bot_control/laser_filter_node
[0.785s] -- Symlinking: /home/nani/nanibabu_ws/install/bot_control/share/ament_index/resource_index/package_run_dependencies/bot_control
[0.793s] -- Symlinking: /home/nani/nanibabu_ws/install/bot_control/share/ament_index/resource_index/parent_prefix_path/bot_control
[0.803s] -- Symlinking: /home/nani/nanibabu_ws/install/bot_control/share/bot_control/environment/ament_prefix_path.sh
[0.814s] -- Symlinking: /home/nani/nanibabu_ws/install/bot_control/share/bot_control/environment/ament_prefix_path.dsv
[0.823s] -- Symlinking: /home/nani/nanibabu_ws/install/bot_control/share/bot_control/environment/path.sh
[0.830s] -- Symlinking: /home/nani/nanibabu_ws/install/bot_control/share/bot_control/environment/path.dsv
[0.840s] -- Symlinking: /home/nani/nanibabu_ws/install/bot_control/share/bot_control/local_setup.bash
[0.848s] -- Symlinking: /home/nani/nanibabu_ws/install/bot_control/share/bot_control/local_setup.sh
[0.856s] -- Symlinking: /home/nani/nanibabu_ws/install/bot_control/share/bot_control/local_setup.zsh
[0.866s] -- Symlinking: /home/nani/nanibabu_ws/install/bot_control/share/bot_control/local_setup.dsv
[0.873s] -- Symlinking: /home/nani/nanibabu_ws/install/bot_control/share/bot_control/package.dsv
[0.881s] -- Symlinking: /home/nani/nanibabu_ws/install/bot_control/share/ament_index/resource_index/packages/bot_control
[0.890s] -- Symlinking: /home/nani/nanibabu_ws/install/bot_control/share/bot_control/cmake/bot_controlConfig.cmake
[0.900s] -- Symlinking: /home/nani/nanibabu_ws/install/bot_control/share/bot_control/cmake/bot_controlConfig-version.cmake
[0.907s] -- Symlinking: /home/nani/nanibabu_ws/install/bot_control/share/bot_control/package.xml
[0.918s] Invoked command in '/home/nani/nanibabu_ws/build/bot_control' returned '0': CMAKE_PREFIX_PATH=${CMAKE_PREFIX_PATH}:/opt/ros/humble /usr/bin/cmake --install /home/nani/nanibabu_ws/build/bot_control
