[0.010s] Invoking command in '/home/nani/nanibabu_ws/build/bot_control': CMAKE_PREFIX_PATH=${CMAKE_PREFIX_PATH}:/opt/ros/humble /usr/bin/cmake /home/nani/nanibabu_ws/src/bot_control -DCMAKE_INSTALL_PREFIX=/home/nani/nanibabu_ws/install/bot_control
[0.082s] -- The C compiler identification is GNU 11.4.0
[0.158s] -- The CXX compiler identification is GNU 11.4.0
[0.165s] -- Detecting C compiler ABI info
[0.252s] -- Detecting C compiler ABI info - done
[0.261s] -- Check for working C compiler: /usr/bin/cc - skipped
[0.262s] -- Detecting C compile features
[0.262s] -- Detecting C compile features - done
[0.266s] -- Detecting CXX compiler ABI info
[0.355s] -- Detecting CXX compiler ABI info - done
[0.359s] -- Check for working CXX compiler: /usr/bin/c++ - skipped
[0.359s] -- Detecting CXX compile features
[0.359s] -- Detecting CXX compile features - done
[0.361s] -- Found ament_cmake: 1.3.11 (/opt/ros/humble/share/ament_cmake/cmake)
[0.476s] -- Found Python3: /usr/bin/python3 (found version "3.10.12") found components: Interpreter 
[0.557s] -- Found rclcpp: 16.0.12 (/opt/ros/humble/share/rclcpp/cmake)
[0.590s] -- Found rosidl_generator_c: 3.1.6 (/opt/ros/humble/share/rosidl_generator_c/cmake)
[0.593s] -- Found rosidl_adapter: 3.1.6 (/opt/ros/humble/share/rosidl_adapter/cmake)
[0.600s] -- Found rosidl_generator_cpp: 3.1.6 (/opt/ros/humble/share/rosidl_generator_cpp/cmake)
[0.609s] -- Using all available rosidl_typesupport_c: rosidl_typesupport_fastrtps_c;rosidl_typesupport_introspection_c
[0.620s] -- Using all available rosidl_typesupport_cpp: rosidl_typesupport_fastrtps_cpp;rosidl_typesupport_introspection_cpp
[0.652s] -- Found rmw_implementation_cmake: 6.1.2 (/opt/ros/humble/share/rmw_implementation_cmake/cmake)
[0.654s] -- Found rmw_fastrtps_cpp: 6.2.7 (/opt/ros/humble/share/rmw_fastrtps_cpp/cmake)
[0.747s] -- Found OpenSSL: /usr/lib/x86_64-linux-gnu/libcrypto.so (found version "3.0.2")  
[0.777s] -- Found FastRTPS: /opt/ros/humble/include  
[0.805s] -- Using RMW implementation 'rmw_fastrtps_cpp' as default
[0.818s] -- Looking for pthread.h
[0.912s] -- Looking for pthread.h - found
[0.912s] -- Performing Test CMAKE_HAVE_LIBC_PTHREAD
[1.003s] -- Performing Test CMAKE_HAVE_LIBC_PTHREAD - Success
[1.004s] -- Found Threads: TRUE  
[1.052s] -- Found sensor_msgs: 4.8.0 (/opt/ros/humble/share/sensor_msgs/cmake)
[1.074s] -- Found ament_lint_auto: 0.12.12 (/opt/ros/humble/share/ament_lint_auto/cmake)
[1.119s] -- Added test 'lint_cmake' to check CMake code style
[1.120s] -- Added test 'xmllint' to check XML markup files
[1.121s] -- Configuring done
[1.123s] -- Generating done
[1.124s] -- Build files have been written to: /home/nani/nanibabu_ws/build/bot_control
[1.130s] Invoked command in '/home/nani/nanibabu_ws/build/bot_control' returned '0': CMAKE_PREFIX_PATH=${CMAKE_PREFIX_PATH}:/opt/ros/humble /usr/bin/cmake /home/nani/nanibabu_ws/src/bot_control -DCMAKE_INSTALL_PREFIX=/home/nani/nanibabu_ws/install/bot_control
[1.131s] Invoking command in '/home/nani/nanibabu_ws/build/bot_control': CMAKE_PREFIX_PATH=${CMAKE_PREFIX_PATH}:/opt/ros/humble /usr/bin/cmake --build /home/nani/nanibabu_ws/build/bot_control -- -j20 -l20
[1.166s] Invoked command in '/home/nani/nanibabu_ws/build/bot_control' returned '0': CMAKE_PREFIX_PATH=${CMAKE_PREFIX_PATH}:/opt/ros/humble /usr/bin/cmake --build /home/nani/nanibabu_ws/build/bot_control -- -j20 -l20
[1.169s] Invoking command in '/home/nani/nanibabu_ws/build/bot_control': CMAKE_PREFIX_PATH=${CMAKE_PREFIX_PATH}:/opt/ros/humble /usr/bin/cmake --install /home/nani/nanibabu_ws/build/bot_control
[1.175s] -- Install configuration: ""
[1.175s] -- Installing: /home/nani/nanibabu_ws/install/bot_control/share/ament_index/resource_index/package_run_dependencies/bot_control
[1.175s] -- Installing: /home/nani/nanibabu_ws/install/bot_control/share/ament_index/resource_index/parent_prefix_path/bot_control
[1.176s] -- Installing: /home/nani/nanibabu_ws/install/bot_control/share/bot_control/environment/ament_prefix_path.sh
[1.176s] -- Installing: /home/nani/nanibabu_ws/install/bot_control/share/bot_control/environment/ament_prefix_path.dsv
[1.176s] -- Installing: /home/nani/nanibabu_ws/install/bot_control/share/bot_control/environment/path.sh
[1.176s] -- Installing: /home/nani/nanibabu_ws/install/bot_control/share/bot_control/environment/path.dsv
[1.176s] -- Installing: /home/nani/nanibabu_ws/install/bot_control/share/bot_control/local_setup.bash
[1.176s] -- Installing: /home/nani/nanibabu_ws/install/bot_control/share/bot_control/local_setup.sh
[1.176s] -- Installing: /home/nani/nanibabu_ws/install/bot_control/share/bot_control/local_setup.zsh
[1.176s] -- Installing: /home/nani/nanibabu_ws/install/bot_control/share/bot_control/local_setup.dsv
[1.176s] -- Installing: /home/nani/nanibabu_ws/install/bot_control/share/bot_control/package.dsv
[1.176s] -- Installing: /home/nani/nanibabu_ws/install/bot_control/share/ament_index/resource_index/packages/bot_control
[1.176s] -- Installing: /home/nani/nanibabu_ws/install/bot_control/share/bot_control/cmake/bot_controlConfig.cmake
[1.176s] -- Installing: /home/nani/nanibabu_ws/install/bot_control/share/bot_control/cmake/bot_controlConfig-version.cmake
[1.176s] -- Installing: /home/nani/nanibabu_ws/install/bot_control/share/bot_control/package.xml
[1.178s] Invoked command in '/home/nani/nanibabu_ws/build/bot_control' returned '0': CMAKE_PREFIX_PATH=${CMAKE_PREFIX_PATH}:/opt/ros/humble /usr/bin/cmake --install /home/nani/nanibabu_ws/build/bot_control
