[0.008s] Invoking command in '/home/nani/nanibabu_ws/build/bot_world': CMAKE_PREFIX_PATH=${CMAKE_PREFIX_PATH}:/opt/ros/humble /usr/bin/cmake --build /home/nani/nanibabu_ws/build/bot_world -- -j20 -l20
[0.029s] -- Found ament_cmake: 1.3.11 (/opt/ros/humble/share/ament_cmake/cmake)
[0.136s] -- Found ament_lint_auto: 0.12.12 (/opt/ros/humble/share/ament_lint_auto/cmake)
[0.184s] -- Added test 'lint_cmake' to check CMake code style
[0.185s] -- Added test 'xmllint' to check XML markup files
[0.186s] -- Configuring done
[0.190s] -- Generating done
[0.192s] -- Build files have been written to: /home/nani/nanibabu_ws/build/bot_world
[0.208s] Invoked command in '/home/nani/nanibabu_ws/build/bot_world' returned '0': CMAKE_PREFIX_PATH=${CMAKE_PREFIX_PATH}:/opt/ros/humble /usr/bin/cmake --build /home/nani/nanibabu_ws/build/bot_world -- -j20 -l20
[0.210s] Invoking command in '/home/nani/nanibabu_ws/build/bot_world': CMAKE_PREFIX_PATH=${CMAKE_PREFIX_PATH}:/opt/ros/humble /usr/bin/cmake --install /home/nani/nanibabu_ws/build/bot_world
[0.218s] -- Install configuration: ""
[0.218s] -- Installing: /home/nani/nanibabu_ws/install/bot_world/share/bot_world/worlds
[0.218s] -- Installing: /home/nani/nanibabu_ws/install/bot_world/share/bot_world/worlds/test_world.sdf
[0.218s] -- Installing: /home/nani/nanibabu_ws/install/bot_world/share/bot_world/launch
[0.218s] -- Installing: /home/nani/nanibabu_ws/install/bot_world/share/bot_world/launch/gz_world.launch.xml
[0.219s] -- Up-to-date: /home/nani/nanibabu_ws/install/bot_world/share/ament_index/resource_index/package_run_dependencies/bot_world
[0.219s] -- Up-to-date: /home/nani/nanibabu_ws/install/bot_world/share/ament_index/resource_index/parent_prefix_path/bot_world
[0.219s] -- Up-to-date: /home/nani/nanibabu_ws/install/bot_world/share/bot_world/environment/ament_prefix_path.sh
[0.219s] -- Installing: /home/nani/nanibabu_ws/install/bot_world/share/bot_world/environment/ament_prefix_path.dsv
[0.219s] -- Up-to-date: /home/nani/nanibabu_ws/install/bot_world/share/bot_world/environment/path.sh
[0.219s] -- Installing: /home/nani/nanibabu_ws/install/bot_world/share/bot_world/environment/path.dsv
[0.219s] -- Up-to-date: /home/nani/nanibabu_ws/install/bot_world/share/bot_world/local_setup.bash
[0.219s] -- Up-to-date: /home/nani/nanibabu_ws/install/bot_world/share/bot_world/local_setup.sh
[0.219s] -- Up-to-date: /home/nani/nanibabu_ws/install/bot_world/share/bot_world/local_setup.zsh
[0.219s] -- Installing: /home/nani/nanibabu_ws/install/bot_world/share/bot_world/local_setup.dsv
[0.220s] -- Installing: /home/nani/nanibabu_ws/install/bot_world/share/bot_world/package.dsv
[0.220s] -- Up-to-date: /home/nani/nanibabu_ws/install/bot_world/share/ament_index/resource_index/packages/bot_world
[0.220s] -- Up-to-date: /home/nani/nanibabu_ws/install/bot_world/share/bot_world/cmake/bot_worldConfig.cmake
[0.220s] -- Up-to-date: /home/nani/nanibabu_ws/install/bot_world/share/bot_world/cmake/bot_worldConfig-version.cmake
[0.220s] -- Up-to-date: /home/nani/nanibabu_ws/install/bot_world/share/bot_world/package.xml
[0.222s] Invoked command in '/home/nani/nanibabu_ws/build/bot_world' returned '0': CMAKE_PREFIX_PATH=${CMAKE_PREFIX_PATH}:/opt/ros/humble /usr/bin/cmake --install /home/nani/nanibabu_ws/build/bot_world
