[0.010s] Invoking command in '/home/nani/nanibabu_ws/build/bot_control': CMAKE_PREFIX_PATH=${CMAKE_PREFIX_PATH}:/opt/ros/humble /usr/bin/cmake --build /home/nani/nanibabu_ws/build/bot_control -- -j20 -l20
[0.035s] [35m[1mConsolidate compiler generated dependencies of target laser_filter_node[0m
[0.046s] [ 50%] [32mBuilding CXX object CMakeFiles/laser_filter_node.dir/scripts/laser_filter_node.cpp.o[0m
[4.205s] [100%] [32m[1mLinking CXX executable laser_filter_node[0m
[4.415s] [100%] Built target laser_filter_node
[4.426s] Invoked command in '/home/nani/nanibabu_ws/build/bot_control' returned '0': CMAKE_PREFIX_PATH=${CMAKE_PREFIX_PATH}:/opt/ros/humble /usr/bin/cmake --build /home/nani/nanibabu_ws/build/bot_control -- -j20 -l20
[4.427s] Invoking command in '/home/nani/nanibabu_ws/build/bot_control': CMAKE_PREFIX_PATH=${CMAKE_PREFIX_PATH}:/opt/ros/humble /usr/bin/cmake --install /home/nani/nanibabu_ws/build/bot_control
[4.431s] -- Install configuration: ""
[4.431s] -- Installing: /home/nani/nanibabu_ws/install/bot_control/lib/bot_control/laser_filter_node
[4.432s] -- Set runtime path of "/home/nani/nanibabu_ws/install/bot_control/lib/bot_control/laser_filter_node" to ""
[4.433s] -- Up-to-date: /home/nani/nanibabu_ws/install/bot_control/share/ament_index/resource_index/package_run_dependencies/bot_control
[4.433s] -- Up-to-date: /home/nani/nanibabu_ws/install/bot_control/share/ament_index/resource_index/parent_prefix_path/bot_control
[4.433s] -- Up-to-date: /home/nani/nanibabu_ws/install/bot_control/share/bot_control/environment/ament_prefix_path.sh
[4.433s] -- Up-to-date: /home/nani/nanibabu_ws/install/bot_control/share/bot_control/environment/ament_prefix_path.dsv
[4.433s] -- Up-to-date: /home/nani/nanibabu_ws/install/bot_control/share/bot_control/environment/path.sh
[4.433s] -- Up-to-date: /home/nani/nanibabu_ws/install/bot_control/share/bot_control/environment/path.dsv
[4.433s] -- Up-to-date: /home/nani/nanibabu_ws/install/bot_control/share/bot_control/local_setup.bash
[4.433s] -- Up-to-date: /home/nani/nanibabu_ws/install/bot_control/share/bot_control/local_setup.sh
[4.433s] -- Up-to-date: /home/nani/nanibabu_ws/install/bot_control/share/bot_control/local_setup.zsh
[4.433s] -- Up-to-date: /home/nani/nanibabu_ws/install/bot_control/share/bot_control/local_setup.dsv
[4.433s] -- Installing: /home/nani/nanibabu_ws/install/bot_control/share/bot_control/package.dsv
[4.433s] -- Up-to-date: /home/nani/nanibabu_ws/install/bot_control/share/ament_index/resource_index/packages/bot_control
[4.433s] -- Up-to-date: /home/nani/nanibabu_ws/install/bot_control/share/bot_control/cmake/bot_controlConfig.cmake
[4.433s] -- Up-to-date: /home/nani/nanibabu_ws/install/bot_control/share/bot_control/cmake/bot_controlConfig-version.cmake
[4.433s] -- Up-to-date: /home/nani/nanibabu_ws/install/bot_control/share/bot_control/package.xml
[4.434s] Invoked command in '/home/nani/nanibabu_ws/build/bot_control' returned '0': CMAKE_PREFIX_PATH=${CMAKE_PREFIX_PATH}:/opt/ros/humble /usr/bin/cmake --install /home/nani/nanibabu_ws/build/bot_control
