[0.008s] Invoking command in '/home/nani/nanibabu_ws/build/bot_world': CMAKE_PREFIX_PATH=${CMAKE_PREFIX_PATH}:/opt/ros/humble /usr/bin/cmake /home/nani/nanibabu_ws/src/bot_world -DAMENT_CMAKE_SYMLINK_INSTALL=1 -DCMAKE_INSTALL_PREFIX=/home/nani/nanibabu_ws/install/bot_world
[0.016s] -- Found ament_cmake: 1.3.11 (/opt/ros/humble/share/ament_cmake/cmake)
[0.115s] -- Override CMake install command with custom implementation using symlinks instead of copying resources
[0.125s] -- Found ament_lint_auto: 0.12.12 (/opt/ros/humble/share/ament_lint_auto/cmake)
[0.184s] -- Added test 'lint_cmake' to check CMake code style
[0.185s] -- Added test 'xmllint' to check XML markup files
[0.186s] -- Configuring done
[0.188s] -- Generating done
[0.189s] -- Build files have been written to: /home/nani/nanibabu_ws/build/bot_world
[0.192s] Invoked command in '/home/nani/nanibabu_ws/build/bot_world' returned '0': CMAKE_PREFIX_PATH=${CMAKE_PREFIX_PATH}:/opt/ros/humble /usr/bin/cmake /home/nani/nanibabu_ws/src/bot_world -DAMENT_CMAKE_SYMLINK_INSTALL=1 -DCMAKE_INSTALL_PREFIX=/home/nani/nanibabu_ws/install/bot_world
[0.193s] Invoking command in '/home/nani/nanibabu_ws/build/bot_world': CMAKE_PREFIX_PATH=${CMAKE_PREFIX_PATH}:/opt/ros/humble /usr/bin/cmake --build /home/nani/nanibabu_ws/build/bot_world -- -j20 -l20
[0.225s] Invoked command in '/home/nani/nanibabu_ws/build/bot_world' returned '0': CMAKE_PREFIX_PATH=${CMAKE_PREFIX_PATH}:/opt/ros/humble /usr/bin/cmake --build /home/nani/nanibabu_ws/build/bot_world -- -j20 -l20
[0.232s] Invoking command in '/home/nani/nanibabu_ws/build/bot_world': CMAKE_PREFIX_PATH=${CMAKE_PREFIX_PATH}:/opt/ros/humble /usr/bin/cmake --install /home/nani/nanibabu_ws/build/bot_world
[0.237s] -- Install configuration: ""
[0.238s] -- Execute custom install script
[0.238s] -- Symlinking: /home/nani/nanibabu_ws/install/bot_world/share/bot_world/worlds/test_world2.sdf
[0.245s] -- Symlinking: /home/nani/nanibabu_ws/install/bot_world/share/bot_world/launch/gz_world.launch.xml
[0.251s] -- Symlinking: /home/nani/nanibabu_ws/install/bot_world/share/ament_index/resource_index/package_run_dependencies/bot_world
[0.257s] -- Symlinking: /home/nani/nanibabu_ws/install/bot_world/share/ament_index/resource_index/parent_prefix_path/bot_world
[0.263s] -- Symlinking: /home/nani/nanibabu_ws/install/bot_world/share/bot_world/environment/ament_prefix_path.sh
[0.272s] -- Symlinking: /home/nani/nanibabu_ws/install/bot_world/share/bot_world/environment/ament_prefix_path.dsv
[0.277s] -- Symlinking: /home/nani/nanibabu_ws/install/bot_world/share/bot_world/environment/path.sh
[0.286s] -- Symlinking: /home/nani/nanibabu_ws/install/bot_world/share/bot_world/environment/path.dsv
[0.292s] -- Symlinking: /home/nani/nanibabu_ws/install/bot_world/share/bot_world/local_setup.bash
[0.297s] -- Symlinking: /home/nani/nanibabu_ws/install/bot_world/share/bot_world/local_setup.sh
[0.305s] -- Symlinking: /home/nani/nanibabu_ws/install/bot_world/share/bot_world/local_setup.zsh
[0.312s] -- Symlinking: /home/nani/nanibabu_ws/install/bot_world/share/bot_world/local_setup.dsv
[0.318s] -- Symlinking: /home/nani/nanibabu_ws/install/bot_world/share/bot_world/package.dsv
[0.323s] -- Symlinking: /home/nani/nanibabu_ws/install/bot_world/share/ament_index/resource_index/packages/bot_world
[0.329s] -- Symlinking: /home/nani/nanibabu_ws/install/bot_world/share/bot_world/cmake/bot_worldConfig.cmake
[0.336s] -- Symlinking: /home/nani/nanibabu_ws/install/bot_world/share/bot_world/cmake/bot_worldConfig-version.cmake
[0.343s] -- Symlinking: /home/nani/nanibabu_ws/install/bot_world/share/bot_world/package.xml
[0.350s] Invoked command in '/home/nani/nanibabu_ws/build/bot_world' returned '0': CMAKE_PREFIX_PATH=${CMAKE_PREFIX_PATH}:/opt/ros/humble /usr/bin/cmake --install /home/nani/nanibabu_ws/build/bot_world
