[0.008s] Invoking command in '/home/nani/nanibabu_ws/build/bot_world': CMAKE_PREFIX_PATH=${CMAKE_PREFIX_PATH}:/opt/ros/humble /usr/bin/cmake --build /home/nani/nanibabu_ws/build/bot_world -- -j20 -l20
[0.044s] Invoked command in '/home/nani/nanibabu_ws/build/bot_world' returned '0': CMAKE_PREFIX_PATH=${CMAKE_PREFIX_PATH}:/opt/ros/humble /usr/bin/cmake --build /home/nani/nanibabu_ws/build/bot_world -- -j20 -l20
[0.045s] Invoking command in '/home/nani/nanibabu_ws/build/bot_world': CMAKE_PREFIX_PATH=${CMAKE_PREFIX_PATH}:/opt/ros/humble /usr/bin/cmake --install /home/nani/nanibabu_ws/build/bot_world
[0.050s] -- Install configuration: ""
[0.050s] -- Up-to-date: /home/nani/nanibabu_ws/install/bot_world/share/bot_world/worlds
[0.050s] -- Up-to-date: /home/nani/nanibabu_ws/install/bot_world/share/bot_world/launch
[0.050s] -- Up-to-date: /home/nani/nanibabu_ws/install/bot_world/share/ament_index/resource_index/package_run_dependencies/bot_world
[0.050s] -- Up-to-date: /home/nani/nanibabu_ws/install/bot_world/share/ament_index/resource_index/parent_prefix_path/bot_world
[0.050s] -- Up-to-date: /home/nani/nanibabu_ws/install/bot_world/share/bot_world/environment/ament_prefix_path.sh
[0.050s] -- Up-to-date: /home/nani/nanibabu_ws/install/bot_world/share/bot_world/environment/ament_prefix_path.dsv
[0.050s] -- Up-to-date: /home/nani/nanibabu_ws/install/bot_world/share/bot_world/environment/path.sh
[0.050s] -- Up-to-date: /home/nani/nanibabu_ws/install/bot_world/share/bot_world/environment/path.dsv
[0.051s] -- Up-to-date: /home/nani/nanibabu_ws/install/bot_world/share/bot_world/local_setup.bash
[0.051s] -- Up-to-date: /home/nani/nanibabu_ws/install/bot_world/share/bot_world/local_setup.sh
[0.051s] -- Up-to-date: /home/nani/nanibabu_ws/install/bot_world/share/bot_world/local_setup.zsh
[0.051s] -- Up-to-date: /home/nani/nanibabu_ws/install/bot_world/share/bot_world/local_setup.dsv
[0.051s] -- Installing: /home/nani/nanibabu_ws/install/bot_world/share/bot_world/package.dsv
[0.051s] -- Up-to-date: /home/nani/nanibabu_ws/install/bot_world/share/ament_index/resource_index/packages/bot_world
[0.051s] -- Up-to-date: /home/nani/nanibabu_ws/install/bot_world/share/bot_world/cmake/bot_worldConfig.cmake
[0.051s] -- Up-to-date: /home/nani/nanibabu_ws/install/bot_world/share/bot_world/cmake/bot_worldConfig-version.cmake
[0.051s] -- Up-to-date: /home/nani/nanibabu_ws/install/bot_world/share/bot_world/package.xml
[0.052s] Invoked command in '/home/nani/nanibabu_ws/build/bot_world' returned '0': CMAKE_PREFIX_PATH=${CMAKE_PREFIX_PATH}:/opt/ros/humble /usr/bin/cmake --install /home/nani/nanibabu_ws/build/bot_world
