[0.007s] Invoking command in '/home/nani/nanibabu_ws/build/bot_world': CMAKE_PREFIX_PATH=${CMAKE_PREFIX_PATH}:/opt/ros/humble /usr/bin/cmake /home/nani/nanibabu_ws/src/bot_world -DCMAKE_INSTALL_PREFIX=/home/nani/nanibabu_ws/install/bot_world
[0.067s] -- The C compiler identification is GNU 11.4.0
[0.127s] -- The CXX compiler identification is GNU 11.4.0
[0.133s] -- Detecting C compiler ABI info
[0.192s] -- Detecting C compiler ABI info - done
[0.199s] -- Check for working C compiler: /usr/bin/cc - skipped
[0.199s] -- Detecting C compile features
[0.199s] -- Detecting C compile features - done
[0.201s] -- Detecting CXX compiler ABI info
[0.278s] -- Detecting CXX compiler ABI info - done
[0.283s] -- Check for working CXX compiler: /usr/bin/c++ - skipped
[0.283s] -- Detecting CXX compile features
[0.284s] -- Detecting CXX compile features - done
[0.286s] -- Found ament_cmake: 1.3.11 (/opt/ros/humble/share/ament_cmake/cmake)
[0.419s] -- Found Python3: /usr/bin/python3 (found version "3.10.12") found components: Interpreter 
[0.475s] -- Found ament_lint_auto: 0.12.12 (/opt/ros/humble/share/ament_lint_auto/cmake)
[0.522s] -- Added test 'lint_cmake' to check CMake code style
[0.523s] -- Added test 'xmllint' to check XML markup files
[0.523s] -- Configuring done
[0.525s] -- Generating done
[0.527s] -- Build files have been written to: /home/nani/nanibabu_ws/build/bot_world
[0.530s] Invoked command in '/home/nani/nanibabu_ws/build/bot_world' returned '0': CMAKE_PREFIX_PATH=${CMAKE_PREFIX_PATH}:/opt/ros/humble /usr/bin/cmake /home/nani/nanibabu_ws/src/bot_world -DCMAKE_INSTALL_PREFIX=/home/nani/nanibabu_ws/install/bot_world
[0.531s] Invoking command in '/home/nani/nanibabu_ws/build/bot_world': CMAKE_PREFIX_PATH=${CMAKE_PREFIX_PATH}:/opt/ros/humble /usr/bin/cmake --build /home/nani/nanibabu_ws/build/bot_world -- -j20 -l20
[0.562s] Invoked command in '/home/nani/nanibabu_ws/build/bot_world' returned '0': CMAKE_PREFIX_PATH=${CMAKE_PREFIX_PATH}:/opt/ros/humble /usr/bin/cmake --build /home/nani/nanibabu_ws/build/bot_world -- -j20 -l20
[0.564s] Invoking command in '/home/nani/nanibabu_ws/build/bot_world': CMAKE_PREFIX_PATH=${CMAKE_PREFIX_PATH}:/opt/ros/humble /usr/bin/cmake --install /home/nani/nanibabu_ws/build/bot_world
[0.571s] -- Install configuration: ""
[0.571s] -- Installing: /home/nani/nanibabu_ws/install/bot_world/share/ament_index/resource_index/package_run_dependencies/bot_world
[0.571s] -- Installing: /home/nani/nanibabu_ws/install/bot_world/share/ament_index/resource_index/parent_prefix_path/bot_world
[0.572s] -- Installing: /home/nani/nanibabu_ws/install/bot_world/share/bot_world/environment/ament_prefix_path.sh
[0.572s] -- Installing: /home/nani/nanibabu_ws/install/bot_world/share/bot_world/environment/ament_prefix_path.dsv
[0.572s] -- Installing: /home/nani/nanibabu_ws/install/bot_world/share/bot_world/environment/path.sh
[0.572s] -- Installing: /home/nani/nanibabu_ws/install/bot_world/share/bot_world/environment/path.dsv
[0.572s] -- Installing: /home/nani/nanibabu_ws/install/bot_world/share/bot_world/local_setup.bash
[0.572s] -- Installing: /home/nani/nanibabu_ws/install/bot_world/share/bot_world/local_setup.sh
[0.572s] -- Installing: /home/nani/nanibabu_ws/install/bot_world/share/bot_world/local_setup.zsh
[0.572s] -- Installing: /home/nani/nanibabu_ws/install/bot_world/share/bot_world/local_setup.dsv
[0.572s] -- Installing: /home/nani/nanibabu_ws/install/bot_world/share/bot_world/package.dsv
[0.572s] -- Installing: /home/nani/nanibabu_ws/install/bot_world/share/ament_index/resource_index/packages/bot_world
[0.572s] -- Installing: /home/nani/nanibabu_ws/install/bot_world/share/bot_world/cmake/bot_worldConfig.cmake
[0.572s] -- Installing: /home/nani/nanibabu_ws/install/bot_world/share/bot_world/cmake/bot_worldConfig-version.cmake
[0.572s] -- Installing: /home/nani/nanibabu_ws/install/bot_world/share/bot_world/package.xml
[0.574s] Invoked command in '/home/nani/nanibabu_ws/build/bot_world' returned '0': CMAKE_PREFIX_PATH=${CMAKE_PREFIX_PATH}:/opt/ros/humble /usr/bin/cmake --install /home/nani/nanibabu_ws/build/bot_world
