[0.011s] Invoking command in '/home/nani/nanibabu_ws/build/bot_control': CMAKE_PREFIX_PATH=${CMAKE_PREFIX_PATH}:/opt/ros/humble /usr/bin/cmake --build /home/nani/nanibabu_ws/build/bot_control -- -j20 -l20
[0.048s] -- Found ament_cmake: 1.3.11 (/opt/ros/humble/share/ament_cmake/cmake)
[0.137s] -- Found rclcpp: 16.0.12 (/opt/ros/humble/share/rclcpp/cmake)
[0.162s] -- Found rosidl_generator_c: 3.1.6 (/opt/ros/humble/share/rosidl_generator_c/cmake)
[0.163s] -- Found rosidl_adapter: 3.1.6 (/opt/ros/humble/share/rosidl_adapter/cmake)
[0.168s] -- Found rosidl_generator_cpp: 3.1.6 (/opt/ros/humble/share/rosidl_generator_cpp/cmake)
[0.176s] -- Using all available rosidl_typesupport_c: rosidl_typesupport_fastrtps_c;rosidl_typesupport_introspection_c
[0.184s] -- Using all available rosidl_typesupport_cpp: rosidl_typesupport_fastrtps_cpp;rosidl_typesupport_introspection_cpp
[0.208s] -- Found rmw_implementation_cmake: 6.1.2 (/opt/ros/humble/share/rmw_implementation_cmake/cmake)
[0.210s] -- Found rmw_fastrtps_cpp: 6.2.7 (/opt/ros/humble/share/rmw_fastrtps_cpp/cmake)
[0.283s] -- Using RMW implementation 'rmw_fastrtps_cpp' as default
[0.336s] -- Found sensor_msgs: 4.8.0 (/opt/ros/humble/share/sensor_msgs/cmake)
[0.356s] -- Found ament_lint_auto: 0.12.12 (/opt/ros/humble/share/ament_lint_auto/cmake)
[0.395s] -- Added test 'cppcheck' to perform static code analysis on C / C++ code
[0.395s] -- Configured cppcheck include dirs: 
[0.395s] -- Configured cppcheck exclude dirs and/or files: 
[0.395s] -- Added test 'lint_cmake' to check CMake code style
[0.395s] -- Added test 'uncrustify' to check C / C++ code style
[0.395s] -- Configured uncrustify additional arguments: 
[0.396s] -- Added test 'xmllint' to check XML markup files
[0.396s] -- Configuring done
[0.399s] -- Generating done
[0.400s] -- Build files have been written to: /home/nani/nanibabu_ws/build/bot_control
[0.419s] Invoked command in '/home/nani/nanibabu_ws/build/bot_control' returned '0': CMAKE_PREFIX_PATH=${CMAKE_PREFIX_PATH}:/opt/ros/humble /usr/bin/cmake --build /home/nani/nanibabu_ws/build/bot_control -- -j20 -l20
[0.420s] Invoking command in '/home/nani/nanibabu_ws/build/bot_control': CMAKE_PREFIX_PATH=${CMAKE_PREFIX_PATH}:/opt/ros/humble /usr/bin/cmake --install /home/nani/nanibabu_ws/build/bot_control
[0.428s] -- Install configuration: ""
[0.428s] -- Installing: /home/nani/nanibabu_ws/install/bot_control/share/bot_control/scripts
[0.428s] -- Installing: /home/nani/nanibabu_ws/install/bot_control/share/bot_control/scripts/laser_reading.cpp
[0.428s] -- Up-to-date: /home/nani/nanibabu_ws/install/bot_control/share/ament_index/resource_index/package_run_dependencies/bot_control
[0.428s] -- Installing: /home/nani/nanibabu_ws/install/bot_control/share/ament_index/resource_index/parent_prefix_path/bot_control
[0.428s] -- Up-to-date: /home/nani/nanibabu_ws/install/bot_control/share/bot_control/environment/ament_prefix_path.sh
[0.428s] -- Installing: /home/nani/nanibabu_ws/install/bot_control/share/bot_control/environment/ament_prefix_path.dsv
[0.429s] -- Up-to-date: /home/nani/nanibabu_ws/install/bot_control/share/bot_control/environment/path.sh
[0.429s] -- Installing: /home/nani/nanibabu_ws/install/bot_control/share/bot_control/environment/path.dsv
[0.429s] -- Up-to-date: /home/nani/nanibabu_ws/install/bot_control/share/bot_control/local_setup.bash
[0.429s] -- Up-to-date: /home/nani/nanibabu_ws/install/bot_control/share/bot_control/local_setup.sh
[0.429s] -- Up-to-date: /home/nani/nanibabu_ws/install/bot_control/share/bot_control/local_setup.zsh
[0.429s] -- Installing: /home/nani/nanibabu_ws/install/bot_control/share/bot_control/local_setup.dsv
[0.429s] -- Installing: /home/nani/nanibabu_ws/install/bot_control/share/bot_control/package.dsv
[0.429s] -- Up-to-date: /home/nani/nanibabu_ws/install/bot_control/share/ament_index/resource_index/packages/bot_control
[0.429s] -- Up-to-date: /home/nani/nanibabu_ws/install/bot_control/share/bot_control/cmake/bot_controlConfig.cmake
[0.429s] -- Up-to-date: /home/nani/nanibabu_ws/install/bot_control/share/bot_control/cmake/bot_controlConfig-version.cmake
[0.429s] -- Installing: /home/nani/nanibabu_ws/install/bot_control/share/bot_control/package.xml
[0.432s] Invoked command in '/home/nani/nanibabu_ws/build/bot_control' returned '0': CMAKE_PREFIX_PATH=${CMAKE_PREFIX_PATH}:/opt/ros/humble /usr/bin/cmake --install /home/nani/nanibabu_ws/build/bot_control
