[0.006s] Invoking command in '/home/nani/nanibabu_ws/build/bot_description': CMAKE_PREFIX_PATH=/opt/ros/humble /usr/bin/cmake --build /home/nani/nanibabu_ws/build/bot_description -- -j20 -l20
[0.029s] Invoked command in '/home/nani/nanibabu_ws/build/bot_description' returned '0': CMAKE_PREFIX_PATH=/opt/ros/humble /usr/bin/cmake --build /home/nani/nanibabu_ws/build/bot_description -- -j20 -l20
[0.037s] Invoking command in '/home/nani/nanibabu_ws/build/bot_description': CMAKE_PREFIX_PATH=/opt/ros/humble /usr/bin/cmake --install /home/nani/nanibabu_ws/build/bot_description
[0.043s] -- Install configuration: ""
[0.043s] -- Execute custom install script
[0.044s] -- Up-to-date symlink: /home/nani/nanibabu_ws/install/bot_description/share/{PROJECT_NAME}/urdf/bot.urdf.xacro
[0.044s] -- Up-to-date symlink: /home/nani/nanibabu_ws/install/bot_description/share/ament_index/resource_index/package_run_dependencies/bot_description
[0.044s] -- Up-to-date symlink: /home/nani/nanibabu_ws/install/bot_description/share/ament_index/resource_index/parent_prefix_path/bot_description
[0.044s] -- Up-to-date symlink: /home/nani/nanibabu_ws/install/bot_description/share/bot_description/environment/ament_prefix_path.sh
[0.044s] -- Up-to-date symlink: /home/nani/nanibabu_ws/install/bot_description/share/bot_description/environment/ament_prefix_path.dsv
[0.044s] -- Up-to-date symlink: /home/nani/nanibabu_ws/install/bot_description/share/bot_description/environment/path.sh
[0.045s] -- Up-to-date symlink: /home/nani/nanibabu_ws/install/bot_description/share/bot_description/environment/path.dsv
[0.045s] -- Up-to-date symlink: /home/nani/nanibabu_ws/install/bot_description/share/bot_description/local_setup.bash
[0.045s] -- Up-to-date symlink: /home/nani/nanibabu_ws/install/bot_description/share/bot_description/local_setup.sh
[0.045s] -- Up-to-date symlink: /home/nani/nanibabu_ws/install/bot_description/share/bot_description/local_setup.zsh
[0.045s] -- Up-to-date symlink: /home/nani/nanibabu_ws/install/bot_description/share/bot_description/local_setup.dsv
[0.045s] -- Symlinking: /home/nani/nanibabu_ws/install/bot_description/share/bot_description/package.dsv
[0.055s] -- Up-to-date symlink: /home/nani/nanibabu_ws/install/bot_description/share/ament_index/resource_index/packages/bot_description
[0.055s] -- Up-to-date symlink: /home/nani/nanibabu_ws/install/bot_description/share/bot_description/cmake/bot_descriptionConfig.cmake
[0.055s] -- Up-to-date symlink: /home/nani/nanibabu_ws/install/bot_description/share/bot_description/cmake/bot_descriptionConfig-version.cmake
[0.055s] -- Up-to-date symlink: /home/nani/nanibabu_ws/install/bot_description/share/bot_description/package.xml
[0.058s] Invoked command in '/home/nani/nanibabu_ws/build/bot_description' returned '0': CMAKE_PREFIX_PATH=/opt/ros/humble /usr/bin/cmake --install /home/nani/nanibabu_ws/build/bot_description
