[0.005s] Invoking command in '/home/nani/nanibabu_ws/build/bot_description': CMAKE_PREFIX_PATH=/opt/ros/humble /usr/bin/cmake /home/nani/nanibabu_ws/src/bot_description -DAMENT_CMAKE_SYMLINK_INSTALL=1 -DCMAKE_INSTALL_PREFIX=/home/nani/nanibabu_ws/install/bot_description
[0.016s] -- Found ament_cmake: 1.3.11 (/opt/ros/humble/share/ament_cmake/cmake)
[0.093s] -- Override CMake install command with custom implementation using symlinks instead of copying resources
[0.096s] -- Found ament_lint_auto: 0.12.11 (/opt/ros/humble/share/ament_lint_auto/cmake)
[0.142s] -- Added test 'lint_cmake' to check CMake code style
[0.143s] -- Added test 'xmllint' to check XML markup files
[0.143s] -- Configuring done
[0.144s] -- Generating done
[0.145s] -- Build files have been written to: /home/nani/nanibabu_ws/build/bot_description
[0.147s] Invoked command in '/home/nani/nanibabu_ws/build/bot_description' returned '0': CMAKE_PREFIX_PATH=/opt/ros/humble /usr/bin/cmake /home/nani/nanibabu_ws/src/bot_description -DAMENT_CMAKE_SYMLINK_INSTALL=1 -DCMAKE_INSTALL_PREFIX=/home/nani/nanibabu_ws/install/bot_description
[0.148s] Invoking command in '/home/nani/nanibabu_ws/build/bot_description': CMAKE_PREFIX_PATH=/opt/ros/humble /usr/bin/cmake --build /home/nani/nanibabu_ws/build/bot_description -- -j20 -l20
[0.189s] Invoked command in '/home/nani/nanibabu_ws/build/bot_description' returned '0': CMAKE_PREFIX_PATH=/opt/ros/humble /usr/bin/cmake --build /home/nani/nanibabu_ws/build/bot_description -- -j20 -l20
[0.201s] Invoking command in '/home/nani/nanibabu_ws/build/bot_description': CMAKE_PREFIX_PATH=/opt/ros/humble /usr/bin/cmake --install /home/nani/nanibabu_ws/build/bot_description
[0.212s] -- Install configuration: ""
[0.212s] -- Execute custom install script
[0.213s] -- Up-to-date symlink: /home/nani/nanibabu_ws/install/bot_description/share/{PROJECT_NAME}/urdf/bot.urdf.xacro
[0.213s] -- Up-to-date symlink: /home/nani/nanibabu_ws/install/bot_description/share/ament_index/resource_index/package_run_dependencies/bot_description
[0.213s] -- Up-to-date symlink: /home/nani/nanibabu_ws/install/bot_description/share/ament_index/resource_index/parent_prefix_path/bot_description
[0.214s] -- Up-to-date symlink: /home/nani/nanibabu_ws/install/bot_description/share/bot_description/environment/ament_prefix_path.sh
[0.214s] -- Up-to-date symlink: /home/nani/nanibabu_ws/install/bot_description/share/bot_description/environment/ament_prefix_path.dsv
[0.214s] -- Up-to-date symlink: /home/nani/nanibabu_ws/install/bot_description/share/bot_description/environment/path.sh
[0.214s] -- Up-to-date symlink: /home/nani/nanibabu_ws/install/bot_description/share/bot_description/environment/path.dsv
[0.214s] -- Up-to-date symlink: /home/nani/nanibabu_ws/install/bot_description/share/bot_description/local_setup.bash
[0.214s] -- Up-to-date symlink: /home/nani/nanibabu_ws/install/bot_description/share/bot_description/local_setup.sh
[0.214s] -- Up-to-date symlink: /home/nani/nanibabu_ws/install/bot_description/share/bot_description/local_setup.zsh
[0.214s] -- Up-to-date symlink: /home/nani/nanibabu_ws/install/bot_description/share/bot_description/local_setup.dsv
[0.215s] -- Symlinking: /home/nani/nanibabu_ws/install/bot_description/share/bot_description/package.dsv
[0.225s] -- Up-to-date symlink: /home/nani/nanibabu_ws/install/bot_description/share/ament_index/resource_index/packages/bot_description
[0.225s] -- Up-to-date symlink: /home/nani/nanibabu_ws/install/bot_description/share/bot_description/cmake/bot_descriptionConfig.cmake
[0.225s] -- Up-to-date symlink: /home/nani/nanibabu_ws/install/bot_description/share/bot_description/cmake/bot_descriptionConfig-version.cmake
[0.225s] -- Up-to-date symlink: /home/nani/nanibabu_ws/install/bot_description/share/bot_description/package.xml
[0.227s] Invoked command in '/home/nani/nanibabu_ws/build/bot_description' returned '0': CMAKE_PREFIX_PATH=/opt/ros/humble /usr/bin/cmake --install /home/nani/nanibabu_ws/build/bot_description
